This file contains any messages produced by compilers while
running configure, to aid debugging if configure makes a mistake.

It was created by Spread_Util configure 5.0.0, which was
generated by GNU Autoconf 2.69.  Invocation command line was

  $ ../../libspread-util/configure 

## --------- ##
## Platform. ##
## --------- ##

hostname = cs1652-vm
uname -m = x86_64
uname -r = 6.8.0-57-generic
uname -s = Linux
uname -v = #59-Ubuntu SMP PREEMPT_DYNAMIC Sat Mar 15 17:40:59 UTC 2025

/usr/bin/uname -p = x86_64
/bin/uname -X     = unknown

/bin/arch              = x86_64
/usr/bin/arch -k       = unknown
/usr/convex/getsysinfo = unknown
/usr/bin/hostinfo      = unknown
/bin/machine           = unknown
/usr/bin/oslevel       = unknown
/bin/universe          = unknown

PATH: /usr/local/sbin
PATH: /usr/local/bin
PATH: /usr/sbin
PATH: /usr/bin
PATH: /sbin
PATH: /bin
PATH: /usr/games
PATH: /usr/local/games
PATH: /snap/bin
PATH: /snap/bin


## ----------- ##
## Core tests. ##
## ----------- ##

configure:2361: checking build system type
configure:2375: result: x86_64-pc-linux-gnu
configure:2395: checking host system type
configure:2408: result: x86_64-pc-linux-gnu
configure:2484: checking for gcc
configure:2500: found /usr/bin/gcc
configure:2511: result: gcc
configure:2740: checking for C compiler version
configure:2749: gcc --version >&5
gcc (Ubuntu 13.3.0-6ubuntu2~24.04) 13.3.0
Copyright (C) 2023 Free Software Foundation, Inc.
This is free software; see the source for copying conditions.  There is NO
warranty; not even for MERCHANTABILITY or FITNESS FOR A PARTICULAR PURPOSE.

configure:2760: $? = 0
configure:2749: gcc -v >&5
Using built-in specs.
COLLECT_GCC=gcc
COLLECT_LTO_WRAPPER=/usr/libexec/gcc/x86_64-linux-gnu/13/lto-wrapper
OFFLOAD_TARGET_NAMES=nvptx-none:amdgcn-amdhsa
OFFLOAD_TARGET_DEFAULT=1
Target: x86_64-linux-gnu
Configured with: ../src/configure -v --with-pkgversion='Ubuntu 13.3.0-6ubuntu2~24.04' --with-bugurl=file:///usr/share/doc/gcc-13/README.Bugs --enable-languages=c,ada,c++,go,d,fortran,objc,obj-c++,m2 --prefix=/usr --with-gcc-major-version-only --program-suffix=-13 --program-prefix=x86_64-linux-gnu- --enable-shared --enable-linker-build-id --libexecdir=/usr/libexec --without-included-gettext --enable-threads=posix --libdir=/usr/lib --enable-nls --enable-bootstrap --enable-clocale=gnu --enable-libstdcxx-debug --enable-libstdcxx-time=yes --with-default-libstdcxx-abi=new --enable-libstdcxx-backtrace --enable-gnu-unique-object --disable-vtable-verify --enable-plugin --enable-default-pie --with-system-zlib --enable-libphobos-checking=release --with-target-system-zlib=auto --enable-objc-gc=auto --enable-multiarch --disable-werror --enable-cet --with-arch-32=i686 --with-abi=m64 --with-multilib-list=m32,m64,mx32 --enable-multilib --with-tune=generic --enable-offload-targets=nvptx-none=/build/gcc-13-fG75Ri/gcc-13-13.3.0/debian/tmp-nvptx/usr,amdgcn-amdhsa=/build/gcc-13-fG75Ri/gcc-13-13.3.0/debian/tmp-gcn/usr --enable-offload-defaulted --without-cuda-driver --enable-checking=release --build=x86_64-linux-gnu --host=x86_64-linux-gnu --target=x86_64-linux-gnu --with-build-config=bootstrap-lto-lean --enable-link-serialization=2
Thread model: posix
Supported LTO compression algorithms: zlib zstd
gcc version 13.3.0 (Ubuntu 13.3.0-6ubuntu2~24.04) 
... rest of stderr output deleted ...
configure:2760: $? = 0
configure:2749: gcc -V >&5
gcc: error: unrecognized command-line option '-V'
gcc: fatal error: no input files
compilation terminated.
configure:2760: $? = 1
configure:2749: gcc -qversion >&5
gcc: error: unrecognized command-line option '-qversion'; did you mean '--version'?
gcc: fatal error: no input files
compilation terminated.
configure:2760: $? = 1
configure:2780: checking whether the C compiler works
configure:2802: gcc    conftest.c  >&5
configure:2806: $? = 0
configure:2854: result: yes
configure:2857: checking for C compiler default output file name
configure:2859: result: a.out
configure:2865: checking for suffix of executables
configure:2872: gcc -o conftest    conftest.c  >&5
configure:2876: $? = 0
configure:2898: result: 
configure:2920: checking whether we are cross compiling
configure:2928: gcc -o conftest    conftest.c  >&5
configure:2932: $? = 0
configure:2939: ./conftest
configure:2943: $? = 0
configure:2958: result: no
configure:2963: checking for suffix of object files
configure:2985: gcc -c   conftest.c >&5
configure:2989: $? = 0
configure:3010: result: o
configure:3014: checking whether we are using the GNU C compiler
configure:3033: gcc -c   conftest.c >&5
configure:3033: $? = 0
configure:3042: result: yes
configure:3051: checking whether gcc accepts -g
configure:3071: gcc -c -g  conftest.c >&5
configure:3071: $? = 0
configure:3112: result: yes
configure:3129: checking for gcc option to accept ISO C89
configure:3192: gcc  -c -g -O2  conftest.c >&5
configure:3192: $? = 0
configure:3205: result: none needed
configure:3231: checking how to run the C preprocessor
configure:3262: gcc -E  conftest.c
configure:3262: $? = 0
configure:3276: gcc -E  conftest.c
conftest.c:9:10: fatal error: ac_nonexistent.h: No such file or directory
    9 | #include <ac_nonexistent.h>
      |          ^~~~~~~~~~~~~~~~~~
compilation terminated.
configure:3276: $? = 1
configure: failed program was:
| /* confdefs.h */
| #define PACKAGE_NAME "Spread_Util"
| #define PACKAGE_TARNAME "spread_util"
| #define PACKAGE_VERSION "5.0.0"
| #define PACKAGE_STRING "Spread_Util 5.0.0"
| #define PACKAGE_BUGREPORT ""
| #define PACKAGE_URL ""
| /* end confdefs.h.  */
| #include <ac_nonexistent.h>
configure:3301: result: gcc -E
configure:3321: gcc -E  conftest.c
configure:3321: $? = 0
configure:3335: gcc -E  conftest.c
conftest.c:9:10: fatal error: ac_nonexistent.h: No such file or directory
    9 | #include <ac_nonexistent.h>
      |          ^~~~~~~~~~~~~~~~~~
compilation terminated.
configure:3335: $? = 1
configure: failed program was:
| /* confdefs.h */
| #define PACKAGE_NAME "Spread_Util"
| #define PACKAGE_TARNAME "spread_util"
| #define PACKAGE_VERSION "5.0.0"
| #define PACKAGE_STRING "Spread_Util 5.0.0"
| #define PACKAGE_BUGREPORT ""
| #define PACKAGE_URL ""
| /* end confdefs.h.  */
| #include <ac_nonexistent.h>
configure:3364: checking for grep that handles long lines and -e
configure:3422: result: /usr/bin/grep
configure:3427: checking for egrep
configure:3489: result: /usr/bin/grep -E
configure:3494: checking for ANSI C header files
configure:3514: gcc -c -g -O2  conftest.c >&5
configure:3514: $? = 0
configure:3587: gcc -o conftest -g -O2   conftest.c  >&5
configure:3587: $? = 0
configure:3587: ./conftest
configure:3587: $? = 0
configure:3598: result: yes
configure:3611: checking for sys/types.h
configure:3611: gcc -c -g -O2  conftest.c >&5
configure:3611: $? = 0
configure:3611: result: yes
configure:3611: checking for sys/stat.h
configure:3611: gcc -c -g -O2  conftest.c >&5
configure:3611: $? = 0
configure:3611: result: yes
configure:3611: checking for stdlib.h
configure:3611: gcc -c -g -O2  conftest.c >&5
configure:3611: $? = 0
configure:3611: result: yes
configure:3611: checking for string.h
configure:3611: gcc -c -g -O2  conftest.c >&5
configure:3611: $? = 0
configure:3611: result: yes
configure:3611: checking for memory.h
configure:3611: gcc -c -g -O2  conftest.c >&5
configure:3611: $? = 0
configure:3611: result: yes
configure:3611: checking for strings.h
configure:3611: gcc -c -g -O2  conftest.c >&5
configure:3611: $? = 0
configure:3611: result: yes
configure:3611: checking for inttypes.h
configure:3611: gcc -c -g -O2  conftest.c >&5
configure:3611: $? = 0
configure:3611: result: yes
configure:3611: checking for stdint.h
configure:3611: gcc -c -g -O2  conftest.c >&5
configure:3611: $? = 0
configure:3611: result: yes
configure:3611: checking for unistd.h
configure:3611: gcc -c -g -O2  conftest.c >&5
configure:3611: $? = 0
configure:3611: result: yes
configure:3623: checking whether byte ordering is bigendian
configure:3638: gcc -c -g -O2  conftest.c >&5
conftest.c:20:16: error: unknown type name 'not'
   20 |                not a universal capable compiler
      |                ^~~
conftest.c:20:22: error: expected '=', ',', ';', 'asm' or '__attribute__' before 'universal'
   20 |                not a universal capable compiler
      |                      ^~~~~~~~~
conftest.c:20:22: error: unknown type name 'universal'
configure:3638: $? = 1
configure: failed program was:
| /* confdefs.h */
| #define PACKAGE_NAME "Spread_Util"
| #define PACKAGE_TARNAME "spread_util"
| #define PACKAGE_VERSION "5.0.0"
| #define PACKAGE_STRING "Spread_Util 5.0.0"
| #define PACKAGE_BUGREPORT ""
| #define PACKAGE_URL ""
| #define STDC_HEADERS 1
| #define HAVE_SYS_TYPES_H 1
| #define HAVE_SYS_STAT_H 1
| #define HAVE_STDLIB_H 1
| #define HAVE_STRING_H 1
| #define HAVE_MEMORY_H 1
| #define HAVE_STRINGS_H 1
| #define HAVE_INTTYPES_H 1
| #define HAVE_STDINT_H 1
| #define HAVE_UNISTD_H 1
| /* end confdefs.h.  */
| #ifndef __APPLE_CC__
| 	       not a universal capable compiler
| 	     #endif
| 	     typedef int dummy;
| 
configure:3683: gcc -c -g -O2  conftest.c >&5
configure:3683: $? = 0
configure:3701: gcc -c -g -O2  conftest.c >&5
conftest.c: In function 'main':
conftest.c:26:18: error: unknown type name 'not'; did you mean 'ino_t'?
   26 |                  not big endian
      |                  ^~~
      |                  ino_t
conftest.c:26:26: error: expected '=', ',', ';', 'asm' or '__attribute__' before 'endian'
   26 |                  not big endian
      |                          ^~~~~~
configure:3701: $? = 1
configure: failed program was:
| /* confdefs.h */
| #define PACKAGE_NAME "Spread_Util"
| #define PACKAGE_TARNAME "spread_util"
| #define PACKAGE_VERSION "5.0.0"
| #define PACKAGE_STRING "Spread_Util 5.0.0"
| #define PACKAGE_BUGREPORT ""
| #define PACKAGE_URL ""
| #define STDC_HEADERS 1
| #define HAVE_SYS_TYPES_H 1
| #define HAVE_SYS_STAT_H 1
| #define HAVE_STDLIB_H 1
| #define HAVE_STRING_H 1
| #define HAVE_MEMORY_H 1
| #define HAVE_STRINGS_H 1
| #define HAVE_INTTYPES_H 1
| #define HAVE_STDINT_H 1
| #define HAVE_UNISTD_H 1
| /* end confdefs.h.  */
| #include <sys/types.h>
| 		#include <sys/param.h>
| 
| int
| main ()
| {
| #if BYTE_ORDER != BIG_ENDIAN
| 		 not big endian
| 		#endif
| 
|   ;
|   return 0;
| }
configure:3829: result: no
configure:3854: checking how to run the C preprocessor
configure:3924: result: gcc -E
configure:3944: gcc -E  conftest.c
configure:3944: $? = 0
configure:3958: gcc -E  conftest.c
conftest.c:19:10: fatal error: ac_nonexistent.h: No such file or directory
   19 | #include <ac_nonexistent.h>
      |          ^~~~~~~~~~~~~~~~~~
compilation terminated.
configure:3958: $? = 1
configure: failed program was:
| /* confdefs.h */
| #define PACKAGE_NAME "Spread_Util"
| #define PACKAGE_TARNAME "spread_util"
| #define PACKAGE_VERSION "5.0.0"
| #define PACKAGE_STRING "Spread_Util 5.0.0"
| #define PACKAGE_BUGREPORT ""
| #define PACKAGE_URL ""
| #define STDC_HEADERS 1
| #define HAVE_SYS_TYPES_H 1
| #define HAVE_SYS_STAT_H 1
| #define HAVE_STDLIB_H 1
| #define HAVE_STRING_H 1
| #define HAVE_MEMORY_H 1
| #define HAVE_STRINGS_H 1
| #define HAVE_INTTYPES_H 1
| #define HAVE_STDINT_H 1
| #define HAVE_UNISTD_H 1
| /* end confdefs.h.  */
| #include <ac_nonexistent.h>
configure:4029: checking for ranlib
configure:4045: found /usr/bin/ranlib
configure:4056: result: ranlib
configure:4092: checking for a BSD-compatible install
configure:4160: result: /usr/bin/install -c
configure:4171: checking whether ln -s works
configure:4178: result: no, using cp -pR
configure:4184: checking for ar
configure:4202: found /usr/bin/ar
configure:4214: result: /usr/bin/ar
configure:4226: checking for perl5
configure:4259: result: no
configure:4226: checking for perl
configure:4244: found /usr/bin/perl
configure:4256: result: /usr/bin/perl
configure:4279: checking for inline
configure:4295: gcc -c -g -O2  conftest.c >&5
configure:4295: $? = 0
configure:4303: result: inline
configure:4374: checking if we need -pthread for threads
configure:4392: gcc -o conftest -g -O2 -Wall  -pthread  conftest.c  >&5
configure:4392: $? = 0
configure:4404: result: yes
configure:4417: checking for pthread_create in -lpthread
configure:4442: gcc -o conftest -g -O2 -Wall   conftest.c -lpthread   >&5
configure:4442: $? = 0
configure:4451: result: yes
configure:4462: checking for thr_create in -lthread
configure:4487: gcc -o conftest -g -O2 -Wall   conftest.c -lthread  -lpthread  >&5
/usr/bin/ld: cannot find -lthread: No such file or directory
collect2: error: ld returned 1 exit status
configure:4487: $? = 1
configure: failed program was:
| /* confdefs.h */
| #define PACKAGE_NAME "Spread_Util"
| #define PACKAGE_TARNAME "spread_util"
| #define PACKAGE_VERSION "5.0.0"
| #define PACKAGE_STRING "Spread_Util 5.0.0"
| #define PACKAGE_BUGREPORT ""
| #define PACKAGE_URL ""
| #define STDC_HEADERS 1
| #define HAVE_SYS_TYPES_H 1
| #define HAVE_SYS_STAT_H 1
| #define HAVE_STDLIB_H 1
| #define HAVE_STRING_H 1
| #define HAVE_MEMORY_H 1
| #define HAVE_STRINGS_H 1
| #define HAVE_INTTYPES_H 1
| #define HAVE_STDINT_H 1
| #define HAVE_UNISTD_H 1
| #define HAVE_LIBPTHREAD 1
| /* end confdefs.h.  */
| 
| /* Override any GCC internal prototype to avoid an error.
|    Use char because int might match the return type of a GCC
|    builtin and then its argument prototype would still apply.  */
| #ifdef __cplusplus
| extern "C"
| #endif
| char thr_create ();
| int
| main ()
| {
| return thr_create ();
|   ;
|   return 0;
| }
configure:4496: result: no
configure:4507: checking for sem_wait in -lposix4
configure:4532: gcc -o conftest -g -O2 -Wall   conftest.c -lposix4  -lpthread  >&5
/usr/bin/ld: cannot find -lposix4: No such file or directory
collect2: error: ld returned 1 exit status
configure:4532: $? = 1
configure: failed program was:
| /* confdefs.h */
| #define PACKAGE_NAME "Spread_Util"
| #define PACKAGE_TARNAME "spread_util"
| #define PACKAGE_VERSION "5.0.0"
| #define PACKAGE_STRING "Spread_Util 5.0.0"
| #define PACKAGE_BUGREPORT ""
| #define PACKAGE_URL ""
| #define STDC_HEADERS 1
| #define HAVE_SYS_TYPES_H 1
| #define HAVE_SYS_STAT_H 1
| #define HAVE_STDLIB_H 1
| #define HAVE_STRING_H 1
| #define HAVE_MEMORY_H 1
| #define HAVE_STRINGS_H 1
| #define HAVE_INTTYPES_H 1
| #define HAVE_STDINT_H 1
| #define HAVE_UNISTD_H 1
| #define HAVE_LIBPTHREAD 1
| /* end confdefs.h.  */
| 
| /* Override any GCC internal prototype to avoid an error.
|    Use char because int might match the return type of a GCC
|    builtin and then its argument prototype would still apply.  */
| #ifdef __cplusplus
| extern "C"
| #endif
| char sem_wait ();
| int
| main ()
| {
| return sem_wait ();
|   ;
|   return 0;
| }
configure:4541: result: no
configure:4556: checking for pthread_atfork
configure:4556: gcc -o conftest -g -O2 -Wall   conftest.c -lpthread  >&5
configure:4556: $? = 0
configure:4556: result: yes
configure:4567: checking for gethostbyaddr in -lnsl
configure:4592: gcc -o conftest -g -O2 -Wall   conftest.c -lnsl   >&5
/usr/bin/ld: cannot find -lnsl: No such file or directory
collect2: error: ld returned 1 exit status
configure:4592: $? = 1
configure: failed program was:
| /* confdefs.h */
| #define PACKAGE_NAME "Spread_Util"
| #define PACKAGE_TARNAME "spread_util"
| #define PACKAGE_VERSION "5.0.0"
| #define PACKAGE_STRING "Spread_Util 5.0.0"
| #define PACKAGE_BUGREPORT ""
| #define PACKAGE_URL ""
| #define STDC_HEADERS 1
| #define HAVE_SYS_TYPES_H 1
| #define HAVE_SYS_STAT_H 1
| #define HAVE_STDLIB_H 1
| #define HAVE_STRING_H 1
| #define HAVE_MEMORY_H 1
| #define HAVE_STRINGS_H 1
| #define HAVE_INTTYPES_H 1
| #define HAVE_STDINT_H 1
| #define HAVE_UNISTD_H 1
| #define HAVE_LIBPTHREAD 1
| #define HAVE_PTHREAD_ATFORK 1
| /* end confdefs.h.  */
| 
| /* Override any GCC internal prototype to avoid an error.
|    Use char because int might match the return type of a GCC
|    builtin and then its argument prototype would still apply.  */
| #ifdef __cplusplus
| extern "C"
| #endif
| char gethostbyaddr ();
| int
| main ()
| {
| return gethostbyaddr ();
|   ;
|   return 0;
| }
configure:4601: result: no
configure:4612: checking for socket in -lsocket
configure:4637: gcc -o conftest -g -O2 -Wall   conftest.c -lsocket   >&5
/usr/bin/ld: cannot find -lsocket: No such file or directory
collect2: error: ld returned 1 exit status
configure:4637: $? = 1
configure: failed program was:
| /* confdefs.h */
| #define PACKAGE_NAME "Spread_Util"
| #define PACKAGE_TARNAME "spread_util"
| #define PACKAGE_VERSION "5.0.0"
| #define PACKAGE_STRING "Spread_Util 5.0.0"
| #define PACKAGE_BUGREPORT ""
| #define PACKAGE_URL ""
| #define STDC_HEADERS 1
| #define HAVE_SYS_TYPES_H 1
| #define HAVE_SYS_STAT_H 1
| #define HAVE_STDLIB_H 1
| #define HAVE_STRING_H 1
| #define HAVE_MEMORY_H 1
| #define HAVE_STRINGS_H 1
| #define HAVE_INTTYPES_H 1
| #define HAVE_STDINT_H 1
| #define HAVE_UNISTD_H 1
| #define HAVE_LIBPTHREAD 1
| #define HAVE_PTHREAD_ATFORK 1
| /* end confdefs.h.  */
| 
| /* Override any GCC internal prototype to avoid an error.
|    Use char because int might match the return type of a GCC
|    builtin and then its argument prototype would still apply.  */
| #ifdef __cplusplus
| extern "C"
| #endif
| char socket ();
| int
| main ()
| {
| return socket ();
|   ;
|   return 0;
| }
configure:4646: result: no
configure:4657: checking for library containing shm_open
configure:4688: gcc -o conftest -g -O2 -Wall   conftest.c  >&5
configure:4688: $? = 0
configure:4705: result: none required
configure:4713: checking for library containing nanosleep
configure:4744: gcc -o conftest -g -O2 -Wall   conftest.c  >&5
configure:4744: $? = 0
configure:4761: result: none required
configure:4769: checking for sqrt in -lm
configure:4794: gcc -o conftest -g -O2 -Wall   conftest.c -lm   >&5
conftest.c:28:6: warning: conflicting types for built-in function 'sqrt'; expected 'double(double)' [-Wbuiltin-declaration-mismatch]
   28 | char sqrt ();
      |      ^~~~
conftest.c:1:1: note: 'sqrt' is declared in header '<math.h>'
    1 | /* confdefs.h */
configure:4794: $? = 0
configure:4803: result: yes
configure:4817: checking for strftime
configure:4817: gcc -o conftest -g -O2 -Wall   conftest.c -lm  >&5
conftest.c:45:6: warning: conflicting types for built-in function 'strftime'; expected 'long unsigned int(char *, long unsigned int,  const char *, const void *)' [-Wbuiltin-declaration-mismatch]
   45 | char strftime ();
      |      ^~~~~~~~
conftest.c:33:1: note: 'strftime' is declared in header '<time.h>'
   32 | # include <limits.h>
   33 | #else
configure:4817: $? = 0
configure:4817: result: yes
configure:4875: checking arpa/inet.h usability
configure:4875: gcc -c -g -O2 -Wall  conftest.c >&5
configure:4875: $? = 0
configure:4875: result: yes
configure:4875: checking arpa/inet.h presence
configure:4875: gcc -E  conftest.c
configure:4875: $? = 0
configure:4875: result: yes
configure:4875: checking for arpa/inet.h
configure:4875: result: yes
configure:4875: checking assert.h usability
configure:4875: gcc -c -g -O2 -Wall  conftest.c >&5
configure:4875: $? = 0
configure:4875: result: yes
configure:4875: checking assert.h presence
configure:4875: gcc -E  conftest.c
configure:4875: $? = 0
configure:4875: result: yes
configure:4875: checking for assert.h
configure:4875: result: yes
configure:4875: checking errno.h usability
configure:4875: gcc -c -g -O2 -Wall  conftest.c >&5
configure:4875: $? = 0
configure:4875: result: yes
configure:4875: checking errno.h presence
configure:4875: gcc -E  conftest.c
configure:4875: $? = 0
configure:4875: result: yes
configure:4875: checking for errno.h
configure:4875: result: yes
configure:4875: checking grp.h usability
configure:4875: gcc -c -g -O2 -Wall  conftest.c >&5
configure:4875: $? = 0
configure:4875: result: yes
configure:4875: checking grp.h presence
configure:4875: gcc -E  conftest.c
configure:4875: $? = 0
configure:4875: result: yes
configure:4875: checking for grp.h
configure:4875: result: yes
configure:4875: checking limits.h usability
configure:4875: gcc -c -g -O2 -Wall  conftest.c >&5
configure:4875: $? = 0
configure:4875: result: yes
configure:4875: checking limits.h presence
configure:4875: gcc -E  conftest.c
configure:4875: $? = 0
configure:4875: result: yes
configure:4875: checking for limits.h
configure:4875: result: yes
configure:4875: checking netdb.h usability
configure:4875: gcc -c -g -O2 -Wall  conftest.c >&5
configure:4875: $? = 0
configure:4875: result: yes
configure:4875: checking netdb.h presence
configure:4875: gcc -E  conftest.c
configure:4875: $? = 0
configure:4875: result: yes
configure:4875: checking for netdb.h
configure:4875: result: yes
configure:4875: checking netinet/in.h usability
configure:4875: gcc -c -g -O2 -Wall  conftest.c >&5
configure:4875: $? = 0
configure:4875: result: yes
configure:4875: checking netinet/in.h presence
configure:4875: gcc -E  conftest.c
configure:4875: $? = 0
configure:4875: result: yes
configure:4875: checking for netinet/in.h
configure:4875: result: yes
configure:4875: checking netinet/tcp.h usability
configure:4875: gcc -c -g -O2 -Wall  conftest.c >&5
configure:4875: $? = 0
configure:4875: result: yes
configure:4875: checking netinet/tcp.h presence
configure:4875: gcc -E  conftest.c
configure:4875: $? = 0
configure:4875: result: yes
configure:4875: checking for netinet/tcp.h
configure:4875: result: yes
configure:4875: checking process.h usability
configure:4875: gcc -c -g -O2 -Wall  conftest.c >&5
conftest.c:64:10: fatal error: process.h: No such file or directory
   64 | #include <process.h>
      |          ^~~~~~~~~~~
compilation terminated.
configure:4875: $? = 1
configure: failed program was:
| /* confdefs.h */
| #define PACKAGE_NAME "Spread_Util"
| #define PACKAGE_TARNAME "spread_util"
| #define PACKAGE_VERSION "5.0.0"
| #define PACKAGE_STRING "Spread_Util 5.0.0"
| #define PACKAGE_BUGREPORT ""
| #define PACKAGE_URL ""
| #define STDC_HEADERS 1
| #define HAVE_SYS_TYPES_H 1
| #define HAVE_SYS_STAT_H 1
| #define HAVE_STDLIB_H 1
| #define HAVE_STRING_H 1
| #define HAVE_MEMORY_H 1
| #define HAVE_STRINGS_H 1
| #define HAVE_INTTYPES_H 1
| #define HAVE_STDINT_H 1
| #define HAVE_UNISTD_H 1
| #define HAVE_LIBPTHREAD 1
| #define HAVE_PTHREAD_ATFORK 1
| #define HAVE_LIBM 1
| #define HAVE_STRFTIME 1
| #define HAVE_ARPA_INET_H 1
| #define HAVE_ASSERT_H 1
| #define HAVE_ERRNO_H 1
| #define HAVE_GRP_H 1
| #define HAVE_LIMITS_H 1
| #define HAVE_NETDB_H 1
| #define HAVE_NETINET_IN_H 1
| #define HAVE_NETINET_TCP_H 1
| /* end confdefs.h.  */
| #include <stdio.h>
| #ifdef HAVE_SYS_TYPES_H
| # include <sys/types.h>
| #endif
| #ifdef HAVE_SYS_STAT_H
| # include <sys/stat.h>
| #endif
| #ifdef STDC_HEADERS
| # include <stdlib.h>
| # include <stddef.h>
| #else
| # ifdef HAVE_STDLIB_H
| #  include <stdlib.h>
| # endif
| #endif
| #ifdef HAVE_STRING_H
| # if !defined STDC_HEADERS && defined HAVE_MEMORY_H
| #  include <memory.h>
| # endif
| # include <string.h>
| #endif
| #ifdef HAVE_STRINGS_H
| # include <strings.h>
| #endif
| #ifdef HAVE_INTTYPES_H
| # include <inttypes.h>
| #endif
| #ifdef HAVE_STDINT_H
| # include <stdint.h>
| #endif
| #ifdef HAVE_UNISTD_H
| # include <unistd.h>
| #endif
| #include <process.h>
configure:4875: result: no
configure:4875: checking process.h presence
configure:4875: gcc -E  conftest.c
conftest.c:31:10: fatal error: process.h: No such file or directory
   31 | #include <process.h>
      |          ^~~~~~~~~~~
compilation terminated.
configure:4875: $? = 1
configure: failed program was:
| /* confdefs.h */
| #define PACKAGE_NAME "Spread_Util"
| #define PACKAGE_TARNAME "spread_util"
| #define PACKAGE_VERSION "5.0.0"
| #define PACKAGE_STRING "Spread_Util 5.0.0"
| #define PACKAGE_BUGREPORT ""
| #define PACKAGE_URL ""
| #define STDC_HEADERS 1
| #define HAVE_SYS_TYPES_H 1
| #define HAVE_SYS_STAT_H 1
| #define HAVE_STDLIB_H 1
| #define HAVE_STRING_H 1
| #define HAVE_MEMORY_H 1
| #define HAVE_STRINGS_H 1
| #define HAVE_INTTYPES_H 1
| #define HAVE_STDINT_H 1
| #define HAVE_UNISTD_H 1
| #define HAVE_LIBPTHREAD 1
| #define HAVE_PTHREAD_ATFORK 1
| #define HAVE_LIBM 1
| #define HAVE_STRFTIME 1
| #define HAVE_ARPA_INET_H 1
| #define HAVE_ASSERT_H 1
| #define HAVE_ERRNO_H 1
| #define HAVE_GRP_H 1
| #define HAVE_LIMITS_H 1
| #define HAVE_NETDB_H 1
| #define HAVE_NETINET_IN_H 1
| #define HAVE_NETINET_TCP_H 1
| /* end confdefs.h.  */
| #include <process.h>
configure:4875: result: no
configure:4875: checking for process.h
configure:4875: result: no
configure:4875: checking pthread.h usability
configure:4875: gcc -c -g -O2 -Wall  conftest.c >&5
configure:4875: $? = 0
configure:4875: result: yes
configure:4875: checking pthread.h presence
configure:4875: gcc -E  conftest.c
configure:4875: $? = 0
configure:4875: result: yes
configure:4875: checking for pthread.h
configure:4875: result: yes
configure:4875: checking pwd.h usability
configure:4875: gcc -c -g -O2 -Wall  conftest.c >&5
configure:4875: $? = 0
configure:4875: result: yes
configure:4875: checking pwd.h presence
configure:4875: gcc -E  conftest.c
configure:4875: $? = 0
configure:4875: result: yes
configure:4875: checking for pwd.h
configure:4875: result: yes
configure:4875: checking signal.h usability
configure:4875: gcc -c -g -O2 -Wall  conftest.c >&5
configure:4875: $? = 0
configure:4875: result: yes
configure:4875: checking signal.h presence
configure:4875: gcc -E  conftest.c
configure:4875: $? = 0
configure:4875: result: yes
configure:4875: checking for signal.h
configure:4875: result: yes
configure:4875: checking stdarg.h usability
configure:4875: gcc -c -g -O2 -Wall  conftest.c >&5
configure:4875: $? = 0
configure:4875: result: yes
configure:4875: checking stdarg.h presence
configure:4875: gcc -E  conftest.c
configure:4875: $? = 0
configure:4875: result: yes
configure:4875: checking for stdarg.h
configure:4875: result: yes
configure:4875: checking for stdint.h
configure:4875: result: yes
configure:4875: checking stdio.h usability
configure:4875: gcc -c -g -O2 -Wall  conftest.c >&5
configure:4875: $? = 0
configure:4875: result: yes
configure:4875: checking stdio.h presence
configure:4875: gcc -E  conftest.c
configure:4875: $? = 0
configure:4875: result: yes
configure:4875: checking for stdio.h
configure:4875: result: yes
configure:4875: checking for stdlib.h
configure:4875: result: yes
configure:4875: checking for string.h
configure:4875: result: yes
configure:4875: checking sys/inttypes.h usability
configure:4875: gcc -c -g -O2 -Wall  conftest.c >&5
conftest.c:72:10: fatal error: sys/inttypes.h: No such file or directory
   72 | #include <sys/inttypes.h>
      |          ^~~~~~~~~~~~~~~~
compilation terminated.
configure:4875: $? = 1
configure: failed program was:
| /* confdefs.h */
| #define PACKAGE_NAME "Spread_Util"
| #define PACKAGE_TARNAME "spread_util"
| #define PACKAGE_VERSION "5.0.0"
| #define PACKAGE_STRING "Spread_Util 5.0.0"
| #define PACKAGE_BUGREPORT ""
| #define PACKAGE_URL ""
| #define STDC_HEADERS 1
| #define HAVE_SYS_TYPES_H 1
| #define HAVE_SYS_STAT_H 1
| #define HAVE_STDLIB_H 1
| #define HAVE_STRING_H 1
| #define HAVE_MEMORY_H 1
| #define HAVE_STRINGS_H 1
| #define HAVE_INTTYPES_H 1
| #define HAVE_STDINT_H 1
| #define HAVE_UNISTD_H 1
| #define HAVE_LIBPTHREAD 1
| #define HAVE_PTHREAD_ATFORK 1
| #define HAVE_LIBM 1
| #define HAVE_STRFTIME 1
| #define HAVE_ARPA_INET_H 1
| #define HAVE_ASSERT_H 1
| #define HAVE_ERRNO_H 1
| #define HAVE_GRP_H 1
| #define HAVE_LIMITS_H 1
| #define HAVE_NETDB_H 1
| #define HAVE_NETINET_IN_H 1
| #define HAVE_NETINET_TCP_H 1
| #define HAVE_PTHREAD_H 1
| #define HAVE_PWD_H 1
| #define HAVE_SIGNAL_H 1
| #define HAVE_STDARG_H 1
| #define HAVE_STDINT_H 1
| #define HAVE_STDIO_H 1
| #define HAVE_STDLIB_H 1
| #define HAVE_STRING_H 1
| /* end confdefs.h.  */
| #include <stdio.h>
| #ifdef HAVE_SYS_TYPES_H
| # include <sys/types.h>
| #endif
| #ifdef HAVE_SYS_STAT_H
| # include <sys/stat.h>
| #endif
| #ifdef STDC_HEADERS
| # include <stdlib.h>
| # include <stddef.h>
| #else
| # ifdef HAVE_STDLIB_H
| #  include <stdlib.h>
| # endif
| #endif
| #ifdef HAVE_STRING_H
| # if !defined STDC_HEADERS && defined HAVE_MEMORY_H
| #  include <memory.h>
| # endif
| # include <string.h>
| #endif
| #ifdef HAVE_STRINGS_H
| # include <strings.h>
| #endif
| #ifdef HAVE_INTTYPES_H
| # include <inttypes.h>
| #endif
| #ifdef HAVE_STDINT_H
| # include <stdint.h>
| #endif
| #ifdef HAVE_UNISTD_H
| # include <unistd.h>
| #endif
| #include <sys/inttypes.h>
configure:4875: result: no
configure:4875: checking sys/inttypes.h presence
configure:4875: gcc -E  conftest.c
conftest.c:39:10: fatal error: sys/inttypes.h: No such file or directory
   39 | #include <sys/inttypes.h>
      |          ^~~~~~~~~~~~~~~~
compilation terminated.
configure:4875: $? = 1
configure: failed program was:
| /* confdefs.h */
| #define PACKAGE_NAME "Spread_Util"
| #define PACKAGE_TARNAME "spread_util"
| #define PACKAGE_VERSION "5.0.0"
| #define PACKAGE_STRING "Spread_Util 5.0.0"
| #define PACKAGE_BUGREPORT ""
| #define PACKAGE_URL ""
| #define STDC_HEADERS 1
| #define HAVE_SYS_TYPES_H 1
| #define HAVE_SYS_STAT_H 1
| #define HAVE_STDLIB_H 1
| #define HAVE_STRING_H 1
| #define HAVE_MEMORY_H 1
| #define HAVE_STRINGS_H 1
| #define HAVE_INTTYPES_H 1
| #define HAVE_STDINT_H 1
| #define HAVE_UNISTD_H 1
| #define HAVE_LIBPTHREAD 1
| #define HAVE_PTHREAD_ATFORK 1
| #define HAVE_LIBM 1
| #define HAVE_STRFTIME 1
| #define HAVE_ARPA_INET_H 1
| #define HAVE_ASSERT_H 1
| #define HAVE_ERRNO_H 1
| #define HAVE_GRP_H 1
| #define HAVE_LIMITS_H 1
| #define HAVE_NETDB_H 1
| #define HAVE_NETINET_IN_H 1
| #define HAVE_NETINET_TCP_H 1
| #define HAVE_PTHREAD_H 1
| #define HAVE_PWD_H 1
| #define HAVE_SIGNAL_H 1
| #define HAVE_STDARG_H 1
| #define HAVE_STDINT_H 1
| #define HAVE_STDIO_H 1
| #define HAVE_STDLIB_H 1
| #define HAVE_STRING_H 1
| /* end confdefs.h.  */
| #include <sys/inttypes.h>
configure:4875: result: no
configure:4875: checking for sys/inttypes.h
configure:4875: result: no
configure:4875: checking sys/ioctl.h usability
configure:4875: gcc -c -g -O2 -Wall  conftest.c >&5
configure:4875: $? = 0
configure:4875: result: yes
configure:4875: checking sys/ioctl.h presence
configure:4875: gcc -E  conftest.c
configure:4875: $? = 0
configure:4875: result: yes
configure:4875: checking for sys/ioctl.h
configure:4875: result: yes
configure:4875: checking sys/param.h usability
configure:4875: gcc -c -g -O2 -Wall  conftest.c >&5
configure:4875: $? = 0
configure:4875: result: yes
configure:4875: checking sys/param.h presence
configure:4875: gcc -E  conftest.c
configure:4875: $? = 0
configure:4875: result: yes
configure:4875: checking for sys/param.h
configure:4875: result: yes
configure:4875: checking sys/socket.h usability
configure:4875: gcc -c -g -O2 -Wall  conftest.c >&5
configure:4875: $? = 0
configure:4875: result: yes
configure:4875: checking sys/socket.h presence
configure:4875: gcc -E  conftest.c
configure:4875: $? = 0
configure:4875: result: yes
configure:4875: checking for sys/socket.h
configure:4875: result: yes
configure:4875: checking for sys/stat.h
configure:4875: result: yes
configure:4875: checking sys/time.h usability
configure:4875: gcc -c -g -O2 -Wall  conftest.c >&5
configure:4875: $? = 0
configure:4875: result: yes
configure:4875: checking sys/time.h presence
configure:4875: gcc -E  conftest.c
configure:4875: $? = 0
configure:4875: result: yes
configure:4875: checking for sys/time.h
configure:4875: result: yes
configure:4875: checking sys/timeb.h usability
configure:4875: gcc -c -g -O2 -Wall  conftest.c >&5
configure:4875: $? = 0
configure:4875: result: yes
configure:4875: checking sys/timeb.h presence
configure:4875: gcc -E  conftest.c
configure:4875: $? = 0
configure:4875: result: yes
configure:4875: checking for sys/timeb.h
configure:4875: result: yes
configure:4875: checking for sys/types.h
configure:4875: result: yes
configure:4875: checking sys/uio.h usability
configure:4875: gcc -c -g -O2 -Wall  conftest.c >&5
configure:4875: $? = 0
configure:4875: result: yes
configure:4875: checking sys/uio.h presence
configure:4875: gcc -E  conftest.c
configure:4875: $? = 0
configure:4875: result: yes
configure:4875: checking for sys/uio.h
configure:4875: result: yes
configure:4875: checking sys/un.h usability
configure:4875: gcc -c -g -O2 -Wall  conftest.c >&5
configure:4875: $? = 0
configure:4875: result: yes
configure:4875: checking sys/un.h presence
configure:4875: gcc -E  conftest.c
configure:4875: $? = 0
configure:4875: result: yes
configure:4875: checking for sys/un.h
configure:4875: result: yes
configure:4875: checking sys/filio.h usability
configure:4875: gcc -c -g -O2 -Wall  conftest.c >&5
conftest.c:81:10: fatal error: sys/filio.h: No such file or directory
   81 | #include <sys/filio.h>
      |          ^~~~~~~~~~~~~
compilation terminated.
configure:4875: $? = 1
configure: failed program was:
| /* confdefs.h */
| #define PACKAGE_NAME "Spread_Util"
| #define PACKAGE_TARNAME "spread_util"
| #define PACKAGE_VERSION "5.0.0"
| #define PACKAGE_STRING "Spread_Util 5.0.0"
| #define PACKAGE_BUGREPORT ""
| #define PACKAGE_URL ""
| #define STDC_HEADERS 1
| #define HAVE_SYS_TYPES_H 1
| #define HAVE_SYS_STAT_H 1
| #define HAVE_STDLIB_H 1
| #define HAVE_STRING_H 1
| #define HAVE_MEMORY_H 1
| #define HAVE_STRINGS_H 1
| #define HAVE_INTTYPES_H 1
| #define HAVE_STDINT_H 1
| #define HAVE_UNISTD_H 1
| #define HAVE_LIBPTHREAD 1
| #define HAVE_PTHREAD_ATFORK 1
| #define HAVE_LIBM 1
| #define HAVE_STRFTIME 1
| #define HAVE_ARPA_INET_H 1
| #define HAVE_ASSERT_H 1
| #define HAVE_ERRNO_H 1
| #define HAVE_GRP_H 1
| #define HAVE_LIMITS_H 1
| #define HAVE_NETDB_H 1
| #define HAVE_NETINET_IN_H 1
| #define HAVE_NETINET_TCP_H 1
| #define HAVE_PTHREAD_H 1
| #define HAVE_PWD_H 1
| #define HAVE_SIGNAL_H 1
| #define HAVE_STDARG_H 1
| #define HAVE_STDINT_H 1
| #define HAVE_STDIO_H 1
| #define HAVE_STDLIB_H 1
| #define HAVE_STRING_H 1
| #define HAVE_SYS_IOCTL_H 1
| #define HAVE_SYS_PARAM_H 1
| #define HAVE_SYS_SOCKET_H 1
| #define HAVE_SYS_STAT_H 1
| #define HAVE_SYS_TIME_H 1
| #define HAVE_SYS_TIMEB_H 1
| #define HAVE_SYS_TYPES_H 1
| #define HAVE_SYS_UIO_H 1
| #define HAVE_SYS_UN_H 1
| /* end confdefs.h.  */
| #include <stdio.h>
| #ifdef HAVE_SYS_TYPES_H
| # include <sys/types.h>
| #endif
| #ifdef HAVE_SYS_STAT_H
| # include <sys/stat.h>
| #endif
| #ifdef STDC_HEADERS
| # include <stdlib.h>
| # include <stddef.h>
| #else
| # ifdef HAVE_STDLIB_H
| #  include <stdlib.h>
| # endif
| #endif
| #ifdef HAVE_STRING_H
| # if !defined STDC_HEADERS && defined HAVE_MEMORY_H
| #  include <memory.h>
| # endif
| # include <string.h>
| #endif
| #ifdef HAVE_STRINGS_H
| # include <strings.h>
| #endif
| #ifdef HAVE_INTTYPES_H
| # include <inttypes.h>
| #endif
| #ifdef HAVE_STDINT_H
| # include <stdint.h>
| #endif
| #ifdef HAVE_UNISTD_H
| # include <unistd.h>
| #endif
| #include <sys/filio.h>
configure:4875: result: no
configure:4875: checking sys/filio.h presence
configure:4875: gcc -E  conftest.c
conftest.c:48:10: fatal error: sys/filio.h: No such file or directory
   48 | #include <sys/filio.h>
      |          ^~~~~~~~~~~~~
compilation terminated.
configure:4875: $? = 1
configure: failed program was:
| /* confdefs.h */
| #define PACKAGE_NAME "Spread_Util"
| #define PACKAGE_TARNAME "spread_util"
| #define PACKAGE_VERSION "5.0.0"
| #define PACKAGE_STRING "Spread_Util 5.0.0"
| #define PACKAGE_BUGREPORT ""
| #define PACKAGE_URL ""
| #define STDC_HEADERS 1
| #define HAVE_SYS_TYPES_H 1
| #define HAVE_SYS_STAT_H 1
| #define HAVE_STDLIB_H 1
| #define HAVE_STRING_H 1
| #define HAVE_MEMORY_H 1
| #define HAVE_STRINGS_H 1
| #define HAVE_INTTYPES_H 1
| #define HAVE_STDINT_H 1
| #define HAVE_UNISTD_H 1
| #define HAVE_LIBPTHREAD 1
| #define HAVE_PTHREAD_ATFORK 1
| #define HAVE_LIBM 1
| #define HAVE_STRFTIME 1
| #define HAVE_ARPA_INET_H 1
| #define HAVE_ASSERT_H 1
| #define HAVE_ERRNO_H 1
| #define HAVE_GRP_H 1
| #define HAVE_LIMITS_H 1
| #define HAVE_NETDB_H 1
| #define HAVE_NETINET_IN_H 1
| #define HAVE_NETINET_TCP_H 1
| #define HAVE_PTHREAD_H 1
| #define HAVE_PWD_H 1
| #define HAVE_SIGNAL_H 1
| #define HAVE_STDARG_H 1
| #define HAVE_STDINT_H 1
| #define HAVE_STDIO_H 1
| #define HAVE_STDLIB_H 1
| #define HAVE_STRING_H 1
| #define HAVE_SYS_IOCTL_H 1
| #define HAVE_SYS_PARAM_H 1
| #define HAVE_SYS_SOCKET_H 1
| #define HAVE_SYS_STAT_H 1
| #define HAVE_SYS_TIME_H 1
| #define HAVE_SYS_TIMEB_H 1
| #define HAVE_SYS_TYPES_H 1
| #define HAVE_SYS_UIO_H 1
| #define HAVE_SYS_UN_H 1
| /* end confdefs.h.  */
| #include <sys/filio.h>
configure:4875: result: no
configure:4875: checking for sys/filio.h
configure:4875: result: no
configure:4875: checking time.h usability
configure:4875: gcc -c -g -O2 -Wall  conftest.c >&5
configure:4875: $? = 0
configure:4875: result: yes
configure:4875: checking time.h presence
configure:4875: gcc -E  conftest.c
configure:4875: $? = 0
configure:4875: result: yes
configure:4875: checking for time.h
configure:4875: result: yes
configure:4875: checking for unistd.h
configure:4875: result: yes
configure:4875: checking winsock2.h usability
configure:4875: gcc -c -g -O2 -Wall  conftest.c >&5
conftest.c:83:10: fatal error: winsock2.h: No such file or directory
   83 | #include <winsock2.h>
      |          ^~~~~~~~~~~~
compilation terminated.
configure:4875: $? = 1
configure: failed program was:
| /* confdefs.h */
| #define PACKAGE_NAME "Spread_Util"
| #define PACKAGE_TARNAME "spread_util"
| #define PACKAGE_VERSION "5.0.0"
| #define PACKAGE_STRING "Spread_Util 5.0.0"
| #define PACKAGE_BUGREPORT ""
| #define PACKAGE_URL ""
| #define STDC_HEADERS 1
| #define HAVE_SYS_TYPES_H 1
| #define HAVE_SYS_STAT_H 1
| #define HAVE_STDLIB_H 1
| #define HAVE_STRING_H 1
| #define HAVE_MEMORY_H 1
| #define HAVE_STRINGS_H 1
| #define HAVE_INTTYPES_H 1
| #define HAVE_STDINT_H 1
| #define HAVE_UNISTD_H 1
| #define HAVE_LIBPTHREAD 1
| #define HAVE_PTHREAD_ATFORK 1
| #define HAVE_LIBM 1
| #define HAVE_STRFTIME 1
| #define HAVE_ARPA_INET_H 1
| #define HAVE_ASSERT_H 1
| #define HAVE_ERRNO_H 1
| #define HAVE_GRP_H 1
| #define HAVE_LIMITS_H 1
| #define HAVE_NETDB_H 1
| #define HAVE_NETINET_IN_H 1
| #define HAVE_NETINET_TCP_H 1
| #define HAVE_PTHREAD_H 1
| #define HAVE_PWD_H 1
| #define HAVE_SIGNAL_H 1
| #define HAVE_STDARG_H 1
| #define HAVE_STDINT_H 1
| #define HAVE_STDIO_H 1
| #define HAVE_STDLIB_H 1
| #define HAVE_STRING_H 1
| #define HAVE_SYS_IOCTL_H 1
| #define HAVE_SYS_PARAM_H 1
| #define HAVE_SYS_SOCKET_H 1
| #define HAVE_SYS_STAT_H 1
| #define HAVE_SYS_TIME_H 1
| #define HAVE_SYS_TIMEB_H 1
| #define HAVE_SYS_TYPES_H 1
| #define HAVE_SYS_UIO_H 1
| #define HAVE_SYS_UN_H 1
| #define HAVE_TIME_H 1
| #define HAVE_UNISTD_H 1
| /* end confdefs.h.  */
| #include <stdio.h>
| #ifdef HAVE_SYS_TYPES_H
| # include <sys/types.h>
| #endif
| #ifdef HAVE_SYS_STAT_H
| # include <sys/stat.h>
| #endif
| #ifdef STDC_HEADERS
| # include <stdlib.h>
| # include <stddef.h>
| #else
| # ifdef HAVE_STDLIB_H
| #  include <stdlib.h>
| # endif
| #endif
| #ifdef HAVE_STRING_H
| # if !defined STDC_HEADERS && defined HAVE_MEMORY_H
| #  include <memory.h>
| # endif
| # include <string.h>
| #endif
| #ifdef HAVE_STRINGS_H
| # include <strings.h>
| #endif
| #ifdef HAVE_INTTYPES_H
| # include <inttypes.h>
| #endif
| #ifdef HAVE_STDINT_H
| # include <stdint.h>
| #endif
| #ifdef HAVE_UNISTD_H
| # include <unistd.h>
| #endif
| #include <winsock2.h>
configure:4875: result: no
configure:4875: checking winsock2.h presence
configure:4875: gcc -E  conftest.c
conftest.c:50:10: fatal error: winsock2.h: No such file or directory
   50 | #include <winsock2.h>
      |          ^~~~~~~~~~~~
compilation terminated.
configure:4875: $? = 1
configure: failed program was:
| /* confdefs.h */
| #define PACKAGE_NAME "Spread_Util"
| #define PACKAGE_TARNAME "spread_util"
| #define PACKAGE_VERSION "5.0.0"
| #define PACKAGE_STRING "Spread_Util 5.0.0"
| #define PACKAGE_BUGREPORT ""
| #define PACKAGE_URL ""
| #define STDC_HEADERS 1
| #define HAVE_SYS_TYPES_H 1
| #define HAVE_SYS_STAT_H 1
| #define HAVE_STDLIB_H 1
| #define HAVE_STRING_H 1
| #define HAVE_MEMORY_H 1
| #define HAVE_STRINGS_H 1
| #define HAVE_INTTYPES_H 1
| #define HAVE_STDINT_H 1
| #define HAVE_UNISTD_H 1
| #define HAVE_LIBPTHREAD 1
| #define HAVE_PTHREAD_ATFORK 1
| #define HAVE_LIBM 1
| #define HAVE_STRFTIME 1
| #define HAVE_ARPA_INET_H 1
| #define HAVE_ASSERT_H 1
| #define HAVE_ERRNO_H 1
| #define HAVE_GRP_H 1
| #define HAVE_LIMITS_H 1
| #define HAVE_NETDB_H 1
| #define HAVE_NETINET_IN_H 1
| #define HAVE_NETINET_TCP_H 1
| #define HAVE_PTHREAD_H 1
| #define HAVE_PWD_H 1
| #define HAVE_SIGNAL_H 1
| #define HAVE_STDARG_H 1
| #define HAVE_STDINT_H 1
| #define HAVE_STDIO_H 1
| #define HAVE_STDLIB_H 1
| #define HAVE_STRING_H 1
| #define HAVE_SYS_IOCTL_H 1
| #define HAVE_SYS_PARAM_H 1
| #define HAVE_SYS_SOCKET_H 1
| #define HAVE_SYS_STAT_H 1
| #define HAVE_SYS_TIME_H 1
| #define HAVE_SYS_TIMEB_H 1
| #define HAVE_SYS_TYPES_H 1
| #define HAVE_SYS_UIO_H 1
| #define HAVE_SYS_UN_H 1
| #define HAVE_TIME_H 1
| #define HAVE_UNISTD_H 1
| /* end confdefs.h.  */
| #include <winsock2.h>
configure:4875: result: no
configure:4875: checking for winsock2.h
configure:4875: result: no
configure:4875: checking ws2tcpip.h usability
configure:4875: gcc -c -g -O2 -Wall  conftest.c >&5
conftest.c:83:10: fatal error: ws2tcpip.h: No such file or directory
   83 | #include <ws2tcpip.h>
      |          ^~~~~~~~~~~~
compilation terminated.
configure:4875: $? = 1
configure: failed program was:
| /* confdefs.h */
| #define PACKAGE_NAME "Spread_Util"
| #define PACKAGE_TARNAME "spread_util"
| #define PACKAGE_VERSION "5.0.0"
| #define PACKAGE_STRING "Spread_Util 5.0.0"
| #define PACKAGE_BUGREPORT ""
| #define PACKAGE_URL ""
| #define STDC_HEADERS 1
| #define HAVE_SYS_TYPES_H 1
| #define HAVE_SYS_STAT_H 1
| #define HAVE_STDLIB_H 1
| #define HAVE_STRING_H 1
| #define HAVE_MEMORY_H 1
| #define HAVE_STRINGS_H 1
| #define HAVE_INTTYPES_H 1
| #define HAVE_STDINT_H 1
| #define HAVE_UNISTD_H 1
| #define HAVE_LIBPTHREAD 1
| #define HAVE_PTHREAD_ATFORK 1
| #define HAVE_LIBM 1
| #define HAVE_STRFTIME 1
| #define HAVE_ARPA_INET_H 1
| #define HAVE_ASSERT_H 1
| #define HAVE_ERRNO_H 1
| #define HAVE_GRP_H 1
| #define HAVE_LIMITS_H 1
| #define HAVE_NETDB_H 1
| #define HAVE_NETINET_IN_H 1
| #define HAVE_NETINET_TCP_H 1
| #define HAVE_PTHREAD_H 1
| #define HAVE_PWD_H 1
| #define HAVE_SIGNAL_H 1
| #define HAVE_STDARG_H 1
| #define HAVE_STDINT_H 1
| #define HAVE_STDIO_H 1
| #define HAVE_STDLIB_H 1
| #define HAVE_STRING_H 1
| #define HAVE_SYS_IOCTL_H 1
| #define HAVE_SYS_PARAM_H 1
| #define HAVE_SYS_SOCKET_H 1
| #define HAVE_SYS_STAT_H 1
| #define HAVE_SYS_TIME_H 1
| #define HAVE_SYS_TIMEB_H 1
| #define HAVE_SYS_TYPES_H 1
| #define HAVE_SYS_UIO_H 1
| #define HAVE_SYS_UN_H 1
| #define HAVE_TIME_H 1
| #define HAVE_UNISTD_H 1
| /* end confdefs.h.  */
| #include <stdio.h>
| #ifdef HAVE_SYS_TYPES_H
| # include <sys/types.h>
| #endif
| #ifdef HAVE_SYS_STAT_H
| # include <sys/stat.h>
| #endif
| #ifdef STDC_HEADERS
| # include <stdlib.h>
| # include <stddef.h>
| #else
| # ifdef HAVE_STDLIB_H
| #  include <stdlib.h>
| # endif
| #endif
| #ifdef HAVE_STRING_H
| # if !defined STDC_HEADERS && defined HAVE_MEMORY_H
| #  include <memory.h>
| # endif
| # include <string.h>
| #endif
| #ifdef HAVE_STRINGS_H
| # include <strings.h>
| #endif
| #ifdef HAVE_INTTYPES_H
| # include <inttypes.h>
| #endif
| #ifdef HAVE_STDINT_H
| # include <stdint.h>
| #endif
| #ifdef HAVE_UNISTD_H
| # include <unistd.h>
| #endif
| #include <ws2tcpip.h>
configure:4875: result: no
configure:4875: checking ws2tcpip.h presence
configure:4875: gcc -E  conftest.c
conftest.c:50:10: fatal error: ws2tcpip.h: No such file or directory
   50 | #include <ws2tcpip.h>
      |          ^~~~~~~~~~~~
compilation terminated.
configure:4875: $? = 1
configure: failed program was:
| /* confdefs.h */
| #define PACKAGE_NAME "Spread_Util"
| #define PACKAGE_TARNAME "spread_util"
| #define PACKAGE_VERSION "5.0.0"
| #define PACKAGE_STRING "Spread_Util 5.0.0"
| #define PACKAGE_BUGREPORT ""
| #define PACKAGE_URL ""
| #define STDC_HEADERS 1
| #define HAVE_SYS_TYPES_H 1
| #define HAVE_SYS_STAT_H 1
| #define HAVE_STDLIB_H 1
| #define HAVE_STRING_H 1
| #define HAVE_MEMORY_H 1
| #define HAVE_STRINGS_H 1
| #define HAVE_INTTYPES_H 1
| #define HAVE_STDINT_H 1
| #define HAVE_UNISTD_H 1
| #define HAVE_LIBPTHREAD 1
| #define HAVE_PTHREAD_ATFORK 1
| #define HAVE_LIBM 1
| #define HAVE_STRFTIME 1
| #define HAVE_ARPA_INET_H 1
| #define HAVE_ASSERT_H 1
| #define HAVE_ERRNO_H 1
| #define HAVE_GRP_H 1
| #define HAVE_LIMITS_H 1
| #define HAVE_NETDB_H 1
| #define HAVE_NETINET_IN_H 1
| #define HAVE_NETINET_TCP_H 1
| #define HAVE_PTHREAD_H 1
| #define HAVE_PWD_H 1
| #define HAVE_SIGNAL_H 1
| #define HAVE_STDARG_H 1
| #define HAVE_STDINT_H 1
| #define HAVE_STDIO_H 1
| #define HAVE_STDLIB_H 1
| #define HAVE_STRING_H 1
| #define HAVE_SYS_IOCTL_H 1
| #define HAVE_SYS_PARAM_H 1
| #define HAVE_SYS_SOCKET_H 1
| #define HAVE_SYS_STAT_H 1
| #define HAVE_SYS_TIME_H 1
| #define HAVE_SYS_TIMEB_H 1
| #define HAVE_SYS_TYPES_H 1
| #define HAVE_SYS_UIO_H 1
| #define HAVE_SYS_UN_H 1
| #define HAVE_TIME_H 1
| #define HAVE_UNISTD_H 1
| /* end confdefs.h.  */
| #include <ws2tcpip.h>
configure:4875: result: no
configure:4875: checking for ws2tcpip.h
configure:4875: result: no
configure:4889: checking for bcopy
configure:4889: gcc -o conftest -g -O2 -Wall   conftest.c -lm  >&5
conftest.c:73:6: warning: conflicting types for built-in function 'bcopy'; expected 'void(const void *, void *, long unsigned int)' [-Wbuiltin-declaration-mismatch]
   73 | char bcopy ();
      |      ^~~~~
configure:4889: $? = 0
configure:4889: result: yes
configure:4889: checking for inet_aton
configure:4889: gcc -o conftest -g -O2 -Wall   conftest.c -lm  >&5
configure:4889: $? = 0
configure:4889: result: yes
configure:4889: checking for inet_ntoa
configure:4889: gcc -o conftest -g -O2 -Wall   conftest.c -lm  >&5
configure:4889: $? = 0
configure:4889: result: yes
configure:4889: checking for inet_ntop
configure:4889: gcc -o conftest -g -O2 -Wall   conftest.c -lm  >&5
configure:4889: $? = 0
configure:4889: result: yes
configure:4889: checking for memmove
configure:4889: gcc -o conftest -g -O2 -Wall   conftest.c -lm  >&5
conftest.c:77:6: warning: conflicting types for built-in function 'memmove'; expected 'void *(void *, const void *, long unsigned int)' [-Wbuiltin-declaration-mismatch]
   77 | char memmove ();
      |      ^~~~~~~
conftest.c:65:1: note: 'memmove' is declared in header '<string.h>'
   64 | # include <limits.h>
   65 | #else
configure:4889: $? = 0
configure:4889: result: yes
configure:4889: checking for setsid
configure:4889: gcc -o conftest -g -O2 -Wall   conftest.c -lm  >&5
configure:4889: $? = 0
configure:4889: result: yes
configure:4889: checking for snprintf
configure:4889: gcc -o conftest -g -O2 -Wall   conftest.c -lm  >&5
conftest.c:79:6: warning: conflicting types for built-in function 'snprintf'; expected 'int(char *, long unsigned int,  const char *, ...)' [-Wbuiltin-declaration-mismatch]
   79 | char snprintf ();
      |      ^~~~~~~~
conftest.c:67:1: note: 'snprintf' is declared in header '<stdio.h>'
   66 | # include <limits.h>
   67 | #else
configure:4889: $? = 0
configure:4889: result: yes
configure:4889: checking for strerror
configure:4889: gcc -o conftest -g -O2 -Wall   conftest.c -lm  >&5
configure:4889: $? = 0
configure:4889: result: yes
configure:4889: checking for lrand48
configure:4889: gcc -o conftest -g -O2 -Wall   conftest.c -lm  >&5
configure:4889: $? = 0
configure:4889: result: yes
configure:4901: checking for gettimeofday
configure:4901: gcc -o conftest -g -O2 -Wall   conftest.c -lm  >&5
configure:4901: $? = 0
configure:4901: result: yes
configure:4901: checking for time
configure:4901: gcc -o conftest -g -O2 -Wall   conftest.c -lm  >&5
configure:4901: $? = 0
configure:4901: result: yes
configure:4912: checking for clock_gettime(CLOCK_MONOTONIC)
configure:4929: gcc -o conftest -g -O2 -Wall   conftest.c -lm  >&5
configure:4929: $? = 0
configure:4929: ./conftest
configure:4929: $? = 0
configure:4941: result: yes
configure:4950: checking for library containing dladdr
configure:4981: gcc -o conftest -g -O2 -Wall   conftest.c -lm  >&5
configure:4981: $? = 0
configure:4998: result: none required
configure:5011: checking for dladdr
configure:5032: gcc -c -g -O2 -Wall  conftest.c >&5
conftest.c: In function 'main':
conftest.c:70:11: warning: argument 2 null where non-null expected [-Wnonnull]
   70 |           dladdr(0, info);
      |           ^~~~~~~~~~~~~~~
In file included from conftest.c:65:
/usr/include/dlfcn.h:98:12: note: in a call to function 'dladdr' declared 'nonnull'
   98 | extern int dladdr (const void *__address, Dl_info *__info)
      |            ^~~~~~
configure:5032: $? = 0
configure:5041: result: yes
configure:5052: checking whether snprintf correctly terminates long strings
configure:5067: gcc -o conftest -g -O2 -Wall   conftest.c -lm  >&5
conftest.c: In function 'main':
conftest.c:65:45: warning: '123456789' directive output truncated writing 9 bytes into a region of size 5 [-Wformat-truncation=]
   65 | int main(void){char b[5];snprintf(b,5,"123456789");return(b[4]!='\0');}
      |                                        ~~~~~^~~~
In file included from /usr/include/stdio.h:980,
                 from conftest.c:64:
In function 'snprintf',
    inlined from 'main' at conftest.c:65:26:
/usr/include/x86_64-linux-gnu/bits/stdio2.h:54:10: note: '__builtin_snprintf' output 10 bytes into a destination of size 5
   54 |   return __builtin___snprintf_chk (__s, __n, __USE_FORTIFY_LEVEL - 1,
      |          ^~~~~~~~~~~~~~~~~~~~~~~~~~~~~~~~~~~~~~~~~~~~~~~~~~~~~~~~~~~~
   55 |                                    __glibc_objsize (__s), __fmt,
      |                                    ~~~~~~~~~~~~~~~~~~~~~~~~~~~~~
   56 |                                    __va_arg_pack ());
      |                                    ~~~~~~~~~~~~~~~~~
configure:5067: $? = 0
configure:5067: ./conftest
configure:5067: $? = 0
configure:5068: result: yes
configure:5098: checking size of char
configure:5103: gcc -o conftest -g -O2 -Wall   conftest.c -lm  >&5
configure:5103: $? = 0
configure:5103: ./conftest
configure:5103: $? = 0
configure:5117: result: 1
configure:5131: checking size of short int
configure:5136: gcc -o conftest -g -O2 -Wall   conftest.c -lm  >&5
configure:5136: $? = 0
configure:5136: ./conftest
configure:5136: $? = 0
configure:5150: result: 2
configure:5164: checking size of int
configure:5169: gcc -o conftest -g -O2 -Wall   conftest.c -lm  >&5
configure:5169: $? = 0
configure:5169: ./conftest
configure:5169: $? = 0
configure:5183: result: 4
configure:5197: checking size of long int
configure:5202: gcc -o conftest -g -O2 -Wall   conftest.c -lm  >&5
configure:5202: $? = 0
configure:5202: ./conftest
configure:5202: $? = 0
configure:5216: result: 8
configure:5230: checking size of long long int
configure:5235: gcc -o conftest -g -O2 -Wall   conftest.c -lm  >&5
configure:5235: $? = 0
configure:5235: ./conftest
configure:5235: $? = 0
configure:5249: result: 8
configure:5261: checking for windows arch
configure:5278: gcc -c -g -O2 -Wall  conftest.c >&5
conftest.c:68:11: fatal error: process.h: No such file or directory
   68 |  #include <process.h>
      |           ^~~~~~~~~~~
compilation terminated.
configure:5278: $? = 1
configure: failed program was:
| /* confdefs.h */
| #define PACKAGE_NAME "Spread_Util"
| #define PACKAGE_TARNAME "spread_util"
| #define PACKAGE_VERSION "5.0.0"
| #define PACKAGE_STRING "Spread_Util 5.0.0"
| #define PACKAGE_BUGREPORT ""
| #define PACKAGE_URL ""
| #define STDC_HEADERS 1
| #define HAVE_SYS_TYPES_H 1
| #define HAVE_SYS_STAT_H 1
| #define HAVE_STDLIB_H 1
| #define HAVE_STRING_H 1
| #define HAVE_MEMORY_H 1
| #define HAVE_STRINGS_H 1
| #define HAVE_INTTYPES_H 1
| #define HAVE_STDINT_H 1
| #define HAVE_UNISTD_H 1
| #define HAVE_LIBPTHREAD 1
| #define HAVE_PTHREAD_ATFORK 1
| #define HAVE_LIBM 1
| #define HAVE_STRFTIME 1
| #define HAVE_ARPA_INET_H 1
| #define HAVE_ASSERT_H 1
| #define HAVE_ERRNO_H 1
| #define HAVE_GRP_H 1
| #define HAVE_LIMITS_H 1
| #define HAVE_NETDB_H 1
| #define HAVE_NETINET_IN_H 1
| #define HAVE_NETINET_TCP_H 1
| #define HAVE_PTHREAD_H 1
| #define HAVE_PWD_H 1
| #define HAVE_SIGNAL_H 1
| #define HAVE_STDARG_H 1
| #define HAVE_STDINT_H 1
| #define HAVE_STDIO_H 1
| #define HAVE_STDLIB_H 1
| #define HAVE_STRING_H 1
| #define HAVE_SYS_IOCTL_H 1
| #define HAVE_SYS_PARAM_H 1
| #define HAVE_SYS_SOCKET_H 1
| #define HAVE_SYS_STAT_H 1
| #define HAVE_SYS_TIME_H 1
| #define HAVE_SYS_TIMEB_H 1
| #define HAVE_SYS_TYPES_H 1
| #define HAVE_SYS_UIO_H 1
| #define HAVE_SYS_UN_H 1
| #define HAVE_TIME_H 1
| #define HAVE_UNISTD_H 1
| #define HAVE_BCOPY 1
| #define HAVE_INET_ATON 1
| #define HAVE_INET_NTOA 1
| #define HAVE_INET_NTOP 1
| #define HAVE_MEMMOVE 1
| #define HAVE_SETSID 1
| #define HAVE_SNPRINTF 1
| #define HAVE_STRERROR 1
| #define HAVE_LRAND48 1
| #define HAVE_GETTIMEOFDAY 1
| #define HAVE_TIME 1
| #define HAVE_CLOCK_GETTIME_CLOCK_MONOTONIC 1
| #define HAVE_DLADDR 1
| #define SIZEOF_CHAR 1
| #define SIZEOF_SHORT_INT 2
| #define SIZEOF_INT 4
| #define SIZEOF_LONG_INT 8
| #define SIZEOF_LONG_LONG_INT 8
| /* end confdefs.h.  */
|  #include <process.h>
| int
| main ()
| {
|  CRITICAL_SECTION mutex; InitializeCriticalSection(mutex);
|   ;
|   return 0;
| }
configure:5287: result: no
configure:5295: checking for struct timezone type
configure:5314: gcc -c -g -O2 -Wall  conftest.c >&5
conftest.c: In function 'main':
conftest.c:74:18: warning: unused variable 'opt' [-Wunused-variable]
   74 |  struct timezone opt;
      |                  ^~~
configure:5314: $? = 0
configure:5323: result: yes
configure:5331: checking for struct sockopt_len_t type
configure:5349: gcc -c -g -O2 -Wall  conftest.c >&5
conftest.c: In function 'main':
conftest.c:74:9: error: unknown type name 'sockopt_len_t'
   74 |  static sockopt_len_t opt; opt=0;
      |         ^~~~~~~~~~~~~
conftest.c:74:23: warning: variable 'opt' set but not used [-Wunused-but-set-variable]
   74 |  static sockopt_len_t opt; opt=0;
      |                       ^~~
configure:5349: $? = 1
configure: failed program was:
| /* confdefs.h */
| #define PACKAGE_NAME "Spread_Util"
| #define PACKAGE_TARNAME "spread_util"
| #define PACKAGE_VERSION "5.0.0"
| #define PACKAGE_STRING "Spread_Util 5.0.0"
| #define PACKAGE_BUGREPORT ""
| #define PACKAGE_URL ""
| #define STDC_HEADERS 1
| #define HAVE_SYS_TYPES_H 1
| #define HAVE_SYS_STAT_H 1
| #define HAVE_STDLIB_H 1
| #define HAVE_STRING_H 1
| #define HAVE_MEMORY_H 1
| #define HAVE_STRINGS_H 1
| #define HAVE_INTTYPES_H 1
| #define HAVE_STDINT_H 1
| #define HAVE_UNISTD_H 1
| #define HAVE_LIBPTHREAD 1
| #define HAVE_PTHREAD_ATFORK 1
| #define HAVE_LIBM 1
| #define HAVE_STRFTIME 1
| #define HAVE_ARPA_INET_H 1
| #define HAVE_ASSERT_H 1
| #define HAVE_ERRNO_H 1
| #define HAVE_GRP_H 1
| #define HAVE_LIMITS_H 1
| #define HAVE_NETDB_H 1
| #define HAVE_NETINET_IN_H 1
| #define HAVE_NETINET_TCP_H 1
| #define HAVE_PTHREAD_H 1
| #define HAVE_PWD_H 1
| #define HAVE_SIGNAL_H 1
| #define HAVE_STDARG_H 1
| #define HAVE_STDINT_H 1
| #define HAVE_STDIO_H 1
| #define HAVE_STDLIB_H 1
| #define HAVE_STRING_H 1
| #define HAVE_SYS_IOCTL_H 1
| #define HAVE_SYS_PARAM_H 1
| #define HAVE_SYS_SOCKET_H 1
| #define HAVE_SYS_STAT_H 1
| #define HAVE_SYS_TIME_H 1
| #define HAVE_SYS_TIMEB_H 1
| #define HAVE_SYS_TYPES_H 1
| #define HAVE_SYS_UIO_H 1
| #define HAVE_SYS_UN_H 1
| #define HAVE_TIME_H 1
| #define HAVE_UNISTD_H 1
| #define HAVE_BCOPY 1
| #define HAVE_INET_ATON 1
| #define HAVE_INET_NTOA 1
| #define HAVE_INET_NTOP 1
| #define HAVE_MEMMOVE 1
| #define HAVE_SETSID 1
| #define HAVE_SNPRINTF 1
| #define HAVE_STRERROR 1
| #define HAVE_LRAND48 1
| #define HAVE_GETTIMEOFDAY 1
| #define HAVE_TIME 1
| #define HAVE_CLOCK_GETTIME_CLOCK_MONOTONIC 1
| #define HAVE_DLADDR 1
| #define SIZEOF_CHAR 1
| #define SIZEOF_SHORT_INT 2
| #define SIZEOF_INT 4
| #define SIZEOF_LONG_INT 8
| #define SIZEOF_LONG_LONG_INT 8
| #define HAVE_STRUCT_TIMEZONE 1
| /* end confdefs.h.  */
|  #include <sys/types.h>
| 		  #include <sys/socket.h>
| int
| main ()
| {
|  static sockopt_len_t opt; opt=0;
|   ;
|   return 0;
| }
configure:5358: result: no
configure:5366: checking for struct msghdr type
configure:5384: gcc -c -g -O2 -Wall  conftest.c >&5
conftest.c: In function 'main':
conftest.c:74:25: warning: variable 'msg' set but not used [-Wunused-but-set-variable]
   74 |  static  struct  msghdr msg; msg.msg_name = 0; msg.msg_namelen = 1; msg.msg_iov = 0; msg.msg_iovlen = 0;
      |                         ^~~
configure:5384: $? = 0
configure:5393: result: yes
configure:5401: checking for struct msghdr accrights
configure:5419: gcc -c -g -O2 -Wall  conftest.c >&5
conftest.c: In function 'main':
conftest.c:74:33: error: 'struct msghdr' has no member named 'msg_accrightslen'
   74 |  static  struct  msghdr msg; msg.msg_accrightslen = 0;
      |                                 ^
conftest.c:74:25: warning: variable 'msg' set but not used [-Wunused-but-set-variable]
   74 |  static  struct  msghdr msg; msg.msg_accrightslen = 0;
      |                         ^~~
configure:5419: $? = 1
configure: failed program was:
| /* confdefs.h */
| #define PACKAGE_NAME "Spread_Util"
| #define PACKAGE_TARNAME "spread_util"
| #define PACKAGE_VERSION "5.0.0"
| #define PACKAGE_STRING "Spread_Util 5.0.0"
| #define PACKAGE_BUGREPORT ""
| #define PACKAGE_URL ""
| #define STDC_HEADERS 1
| #define HAVE_SYS_TYPES_H 1
| #define HAVE_SYS_STAT_H 1
| #define HAVE_STDLIB_H 1
| #define HAVE_STRING_H 1
| #define HAVE_MEMORY_H 1
| #define HAVE_STRINGS_H 1
| #define HAVE_INTTYPES_H 1
| #define HAVE_STDINT_H 1
| #define HAVE_UNISTD_H 1
| #define HAVE_LIBPTHREAD 1
| #define HAVE_PTHREAD_ATFORK 1
| #define HAVE_LIBM 1
| #define HAVE_STRFTIME 1
| #define HAVE_ARPA_INET_H 1
| #define HAVE_ASSERT_H 1
| #define HAVE_ERRNO_H 1
| #define HAVE_GRP_H 1
| #define HAVE_LIMITS_H 1
| #define HAVE_NETDB_H 1
| #define HAVE_NETINET_IN_H 1
| #define HAVE_NETINET_TCP_H 1
| #define HAVE_PTHREAD_H 1
| #define HAVE_PWD_H 1
| #define HAVE_SIGNAL_H 1
| #define HAVE_STDARG_H 1
| #define HAVE_STDINT_H 1
| #define HAVE_STDIO_H 1
| #define HAVE_STDLIB_H 1
| #define HAVE_STRING_H 1
| #define HAVE_SYS_IOCTL_H 1
| #define HAVE_SYS_PARAM_H 1
| #define HAVE_SYS_SOCKET_H 1
| #define HAVE_SYS_STAT_H 1
| #define HAVE_SYS_TIME_H 1
| #define HAVE_SYS_TIMEB_H 1
| #define HAVE_SYS_TYPES_H 1
| #define HAVE_SYS_UIO_H 1
| #define HAVE_SYS_UN_H 1
| #define HAVE_TIME_H 1
| #define HAVE_UNISTD_H 1
| #define HAVE_BCOPY 1
| #define HAVE_INET_ATON 1
| #define HAVE_INET_NTOA 1
| #define HAVE_INET_NTOP 1
| #define HAVE_MEMMOVE 1
| #define HAVE_SETSID 1
| #define HAVE_SNPRINTF 1
| #define HAVE_STRERROR 1
| #define HAVE_LRAND48 1
| #define HAVE_GETTIMEOFDAY 1
| #define HAVE_TIME 1
| #define HAVE_CLOCK_GETTIME_CLOCK_MONOTONIC 1
| #define HAVE_DLADDR 1
| #define SIZEOF_CHAR 1
| #define SIZEOF_SHORT_INT 2
| #define SIZEOF_INT 4
| #define SIZEOF_LONG_INT 8
| #define SIZEOF_LONG_LONG_INT 8
| #define HAVE_STRUCT_TIMEZONE 1
| /* end confdefs.h.  */
|  #include <sys/types.h>
| 		  #include <sys/socket.h>
| int
| main ()
| {
|  static  struct  msghdr msg; msg.msg_accrightslen = 0;
|   ;
|   return 0;
| }
configure:5428: result: no
configure:5437: checking for struct msghdr control
configure:5455: gcc -c -g -O2 -Wall  conftest.c >&5
conftest.c: In function 'main':
conftest.c:74:25: warning: variable 'msg' set but not used [-Wunused-but-set-variable]
   74 |  static  struct  msghdr msg; msg.msg_controllen = 0;
      |                         ^~~
configure:5455: $? = 0
configure:5464: result: yes
configure:5478: checking for u_int type
configure:5495: gcc -c -g -O2 -Wall  conftest.c >&5
conftest.c: In function 'main':
conftest.c:74:8: warning: variable 'a' set but not used [-Wunused-but-set-variable]
   74 |  u_int a; a = 1;
      |        ^
configure:5495: $? = 0
configure:5504: result: yes
configure:5513: checking for intXX_t types
configure:5530: gcc -c -g -O2 -Wall  conftest.c >&5
conftest.c: In function 'main':
conftest.c:75:9: warning: variable 'a' set but not used [-Wunused-but-set-variable]
   75 |  int8_t a; int16_t b; int32_t c; a = b = c = 1;
      |         ^
configure:5530: $? = 0
configure:5539: result: yes
configure:5548: checking for int64_t type
configure:5565: gcc -c -g -O2 -Wall  conftest.c >&5
conftest.c: In function 'main':
conftest.c:76:10: warning: variable 'a' set but not used [-Wunused-but-set-variable]
   76 |  int64_t a; a = 1;
      |          ^
configure:5565: $? = 0
configure:5574: result: yes
configure:5583: checking for u_intXX_t types
configure:5600: gcc -c -g -O2 -Wall  conftest.c >&5
conftest.c: In function 'main':
conftest.c:77:11: warning: variable 'a' set but not used [-Wunused-but-set-variable]
   77 |  u_int8_t a; u_int16_t b; u_int32_t c; a = b = c = 1;
      |           ^
configure:5600: $? = 0
configure:5609: result: yes
configure:5618: checking for u_int64_t types
configure:5635: gcc -c -g -O2 -Wall  conftest.c >&5
conftest.c: In function 'main':
conftest.c:78:12: warning: variable 'a' set but not used [-Wunused-but-set-variable]
   78 |  u_int64_t a; a = 1;
      |            ^
configure:5635: $? = 0
configure:5644: result: yes
configure:5730: checking for socklen_t
configure:5750: gcc -c -g -O2 -Wall  conftest.c >&5
conftest.c: In function 'main':
conftest.c:82:11: warning: variable 'foo' set but not used [-Wunused-but-set-variable]
   82 | socklen_t foo; foo = 1235;
      |           ^~~
configure:5750: $? = 0
configure:5759: result: yes
configure:5767: checking for size_t
configure:5786: gcc -c -g -O2 -Wall  conftest.c >&5
conftest.c: In function 'main':
conftest.c:82:9: warning: variable 'foo' set but not used [-Wunused-but-set-variable]
   82 |  size_t foo; foo = 1235;
      |         ^~~
configure:5786: $? = 0
configure:5795: result: yes
configure:5803: checking for ssize_t
configure:5822: gcc -c -g -O2 -Wall  conftest.c >&5
conftest.c: In function 'main':
conftest.c:83:10: warning: variable 'foo' set but not used [-Wunused-but-set-variable]
   83 |  ssize_t foo; foo = 1235;
      |          ^~~
configure:5822: $? = 0
configure:5831: result: yes
configure:5839: checking for clock_t
configure:5858: gcc -c -g -O2 -Wall  conftest.c >&5
conftest.c: In function 'main':
conftest.c:84:10: warning: variable 'foo' set but not used [-Wunused-but-set-variable]
   84 |  clock_t foo; foo = 1235;
      |          ^~~
configure:5858: $? = 0
configure:5867: result: yes
configure:5875: checking for sa_family_t
configure:5895: gcc -c -g -O2 -Wall  conftest.c >&5
conftest.c: In function 'main':
conftest.c:86:14: warning: variable 'foo' set but not used [-Wunused-but-set-variable]
   86 |  sa_family_t foo; foo = 1235;
      |              ^~~
configure:5895: $? = 0
configure:5925: result: yes
configure:5934: checking for struct sockaddr_storage
configure:5954: gcc -c -g -O2 -Wall  conftest.c >&5
conftest.c: In function 'main':
conftest.c:87:26: warning: unused variable 's' [-Wunused-variable]
   87 |  struct sockaddr_storage s;
      |                          ^
configure:5954: $? = 0
configure:5963: result: yes
configure:5971: checking for struct sockaddr_in6
configure:5991: gcc -c -g -O2 -Wall  conftest.c >&5
conftest.c: In function 'main':
conftest.c:88:22: warning: variable 's' set but not used [-Wunused-but-set-variable]
   88 |  struct sockaddr_in6 s; s.sin6_family = 0;
      |                      ^
configure:5991: $? = 0
configure:6000: result: yes
configure:6008: checking for struct in6_addr
configure:6028: gcc -c -g -O2 -Wall  conftest.c >&5
conftest.c: In function 'main':
conftest.c:89:18: warning: variable 's' set but not used [-Wunused-but-set-variable]
   89 |  struct in6_addr s; s.s6_addr[0] = 0;
      |                  ^
configure:6028: $? = 0
configure:6037: result: yes
configure:6045: checking for struct addrinfo
configure:6066: gcc -c -g -O2 -Wall  conftest.c >&5
conftest.c: In function 'main':
conftest.c:91:18: warning: variable 's' set but not used [-Wunused-but-set-variable]
   91 |  struct addrinfo s; s.ai_flags = AI_PASSIVE;
      |                  ^
configure:6066: $? = 0
configure:6075: result: yes
configure:6083: checking for struct timeval
configure:6100: gcc -c -g -O2 -Wall  conftest.c >&5
conftest.c: In function 'main':
conftest.c:88:17: warning: variable 'tv' set but not used [-Wunused-but-set-variable]
   88 |  struct timeval tv; tv.tv_sec = 1;
      |                 ^~
configure:6100: $? = 0
configure:6109: result: yes
configure:6118: checking for sun_len field in struct sockaddr_un
configure:6138: gcc -c -g -O2 -Wall  conftest.c >&5
conftest.c: In function 'main':
conftest.c:92:21: error: storage size of 's' isn't known
   92 |  struct sockaddr_un s; s.sun_len = 1;
      |                     ^
conftest.c:92:21: warning: unused variable 's' [-Wunused-variable]
configure:6138: $? = 1
configure: failed program was:
| /* confdefs.h */
| #define PACKAGE_NAME "Spread_Util"
| #define PACKAGE_TARNAME "spread_util"
| #define PACKAGE_VERSION "5.0.0"
| #define PACKAGE_STRING "Spread_Util 5.0.0"
| #define PACKAGE_BUGREPORT ""
| #define PACKAGE_URL ""
| #define STDC_HEADERS 1
| #define HAVE_SYS_TYPES_H 1
| #define HAVE_SYS_STAT_H 1
| #define HAVE_STDLIB_H 1
| #define HAVE_STRING_H 1
| #define HAVE_MEMORY_H 1
| #define HAVE_STRINGS_H 1
| #define HAVE_INTTYPES_H 1
| #define HAVE_STDINT_H 1
| #define HAVE_UNISTD_H 1
| #define HAVE_LIBPTHREAD 1
| #define HAVE_PTHREAD_ATFORK 1
| #define HAVE_LIBM 1
| #define HAVE_STRFTIME 1
| #define HAVE_ARPA_INET_H 1
| #define HAVE_ASSERT_H 1
| #define HAVE_ERRNO_H 1
| #define HAVE_GRP_H 1
| #define HAVE_LIMITS_H 1
| #define HAVE_NETDB_H 1
| #define HAVE_NETINET_IN_H 1
| #define HAVE_NETINET_TCP_H 1
| #define HAVE_PTHREAD_H 1
| #define HAVE_PWD_H 1
| #define HAVE_SIGNAL_H 1
| #define HAVE_STDARG_H 1
| #define HAVE_STDINT_H 1
| #define HAVE_STDIO_H 1
| #define HAVE_STDLIB_H 1
| #define HAVE_STRING_H 1
| #define HAVE_SYS_IOCTL_H 1
| #define HAVE_SYS_PARAM_H 1
| #define HAVE_SYS_SOCKET_H 1
| #define HAVE_SYS_STAT_H 1
| #define HAVE_SYS_TIME_H 1
| #define HAVE_SYS_TIMEB_H 1
| #define HAVE_SYS_TYPES_H 1
| #define HAVE_SYS_UIO_H 1
| #define HAVE_SYS_UN_H 1
| #define HAVE_TIME_H 1
| #define HAVE_UNISTD_H 1
| #define HAVE_BCOPY 1
| #define HAVE_INET_ATON 1
| #define HAVE_INET_NTOA 1
| #define HAVE_INET_NTOP 1
| #define HAVE_MEMMOVE 1
| #define HAVE_SETSID 1
| #define HAVE_SNPRINTF 1
| #define HAVE_STRERROR 1
| #define HAVE_LRAND48 1
| #define HAVE_GETTIMEOFDAY 1
| #define HAVE_TIME 1
| #define HAVE_CLOCK_GETTIME_CLOCK_MONOTONIC 1
| #define HAVE_DLADDR 1
| #define SIZEOF_CHAR 1
| #define SIZEOF_SHORT_INT 2
| #define SIZEOF_INT 4
| #define SIZEOF_LONG_INT 8
| #define SIZEOF_LONG_LONG_INT 8
| #define HAVE_STRUCT_TIMEZONE 1
| #define ARCH_SCATTER_CONTROL 1
| #define HAVE_U_INT 1
| #define HAVE_INTXX_T 1
| #define HAVE_INT64_T 1
| #define HAVE_U_INTXX_T 1
| #define HAVE_U_INT64_T 1
| #define HAVE_SOCKLEN_T 1
| #define HAVE_SIZE_T 1
| #define HAVE_SSIZE_T 1
| #define HAVE_CLOCK_T 1
| #define HAVE_SA_FAMILY_T 1
| #define HAVE_STRUCT_SOCKADDR_STORAGE 1
| #define HAVE_STRUCT_SOCKADDR_IN6 1
| #define HAVE_STRUCT_IN6_ADDR 1
| #define HAVE_STRUCT_ADDRINFO 1
| #define HAVE_STRUCT_TIMEVAL 1
| /* end confdefs.h.  */
| 
| #include <sys/types.h>
| #include <sys/socket.h>
| 
| int
| main ()
| {
|  struct sockaddr_un s; s.sun_len = 1;
|   ;
|   return 0;
| }
configure:6146: result: no
configure:6154: checking for sin_len field in sockaddr_in
configure:6175: gcc -c -g -O2 -Wall  conftest.c >&5
conftest.c: In function 'main':
conftest.c:93:25: error: 'struct sockaddr_in' has no member named 'sin_len'
   93 |  struct sockaddr_in s; s.sin_len = sizeof(s);
      |                         ^
configure:6175: $? = 1
configure: failed program was:
| /* confdefs.h */
| #define PACKAGE_NAME "Spread_Util"
| #define PACKAGE_TARNAME "spread_util"
| #define PACKAGE_VERSION "5.0.0"
| #define PACKAGE_STRING "Spread_Util 5.0.0"
| #define PACKAGE_BUGREPORT ""
| #define PACKAGE_URL ""
| #define STDC_HEADERS 1
| #define HAVE_SYS_TYPES_H 1
| #define HAVE_SYS_STAT_H 1
| #define HAVE_STDLIB_H 1
| #define HAVE_STRING_H 1
| #define HAVE_MEMORY_H 1
| #define HAVE_STRINGS_H 1
| #define HAVE_INTTYPES_H 1
| #define HAVE_STDINT_H 1
| #define HAVE_UNISTD_H 1
| #define HAVE_LIBPTHREAD 1
| #define HAVE_PTHREAD_ATFORK 1
| #define HAVE_LIBM 1
| #define HAVE_STRFTIME 1
| #define HAVE_ARPA_INET_H 1
| #define HAVE_ASSERT_H 1
| #define HAVE_ERRNO_H 1
| #define HAVE_GRP_H 1
| #define HAVE_LIMITS_H 1
| #define HAVE_NETDB_H 1
| #define HAVE_NETINET_IN_H 1
| #define HAVE_NETINET_TCP_H 1
| #define HAVE_PTHREAD_H 1
| #define HAVE_PWD_H 1
| #define HAVE_SIGNAL_H 1
| #define HAVE_STDARG_H 1
| #define HAVE_STDINT_H 1
| #define HAVE_STDIO_H 1
| #define HAVE_STDLIB_H 1
| #define HAVE_STRING_H 1
| #define HAVE_SYS_IOCTL_H 1
| #define HAVE_SYS_PARAM_H 1
| #define HAVE_SYS_SOCKET_H 1
| #define HAVE_SYS_STAT_H 1
| #define HAVE_SYS_TIME_H 1
| #define HAVE_SYS_TIMEB_H 1
| #define HAVE_SYS_TYPES_H 1
| #define HAVE_SYS_UIO_H 1
| #define HAVE_SYS_UN_H 1
| #define HAVE_TIME_H 1
| #define HAVE_UNISTD_H 1
| #define HAVE_BCOPY 1
| #define HAVE_INET_ATON 1
| #define HAVE_INET_NTOA 1
| #define HAVE_INET_NTOP 1
| #define HAVE_MEMMOVE 1
| #define HAVE_SETSID 1
| #define HAVE_SNPRINTF 1
| #define HAVE_STRERROR 1
| #define HAVE_LRAND48 1
| #define HAVE_GETTIMEOFDAY 1
| #define HAVE_TIME 1
| #define HAVE_CLOCK_GETTIME_CLOCK_MONOTONIC 1
| #define HAVE_DLADDR 1
| #define SIZEOF_CHAR 1
| #define SIZEOF_SHORT_INT 2
| #define SIZEOF_INT 4
| #define SIZEOF_LONG_INT 8
| #define SIZEOF_LONG_LONG_INT 8
| #define HAVE_STRUCT_TIMEZONE 1
| #define ARCH_SCATTER_CONTROL 1
| #define HAVE_U_INT 1
| #define HAVE_INTXX_T 1
| #define HAVE_INT64_T 1
| #define HAVE_U_INTXX_T 1
| #define HAVE_U_INT64_T 1
| #define HAVE_SOCKLEN_T 1
| #define HAVE_SIZE_T 1
| #define HAVE_SSIZE_T 1
| #define HAVE_CLOCK_T 1
| #define HAVE_SA_FAMILY_T 1
| #define HAVE_STRUCT_SOCKADDR_STORAGE 1
| #define HAVE_STRUCT_SOCKADDR_IN6 1
| #define HAVE_STRUCT_IN6_ADDR 1
| #define HAVE_STRUCT_ADDRINFO 1
| #define HAVE_STRUCT_TIMEVAL 1
| /* end confdefs.h.  */
| 
| #include <sys/types.h>
| #include <sys/socket.h>
| #include <netinet/in.h>
| 
| int
| main ()
| {
|  struct sockaddr_in s; s.sin_len = sizeof(s);
|   ;
|   return 0;
| }
configure:6183: result: no
configure:6191: checking for ss_family field in struct sockaddr_storage
configure:6211: gcc -c -g -O2 -Wall  conftest.c >&5
conftest.c: In function 'main':
conftest.c:92:26: warning: variable 's' set but not used [-Wunused-but-set-variable]
   92 |  struct sockaddr_storage s; s.ss_family = 1;
      |                          ^
configure:6211: $? = 0
configure:6219: result: yes
configure:6227: checking for __ss_family field in struct sockaddr_storage
configure:6247: gcc -c -g -O2 -Wall  conftest.c >&5
conftest.c: In function 'main':
conftest.c:93:31: error: 'struct sockaddr_storage' has no member named '__ss_family'; did you mean 'ss_family'?
   93 |  struct sockaddr_storage s; s.__ss_family = 1;
      |                               ^~~~~~~~~~~
      |                               ss_family
conftest.c:93:26: warning: variable 's' set but not used [-Wunused-but-set-variable]
   93 |  struct sockaddr_storage s; s.__ss_family = 1;
      |                          ^
configure:6247: $? = 1
configure: failed program was:
| /* confdefs.h */
| #define PACKAGE_NAME "Spread_Util"
| #define PACKAGE_TARNAME "spread_util"
| #define PACKAGE_VERSION "5.0.0"
| #define PACKAGE_STRING "Spread_Util 5.0.0"
| #define PACKAGE_BUGREPORT ""
| #define PACKAGE_URL ""
| #define STDC_HEADERS 1
| #define HAVE_SYS_TYPES_H 1
| #define HAVE_SYS_STAT_H 1
| #define HAVE_STDLIB_H 1
| #define HAVE_STRING_H 1
| #define HAVE_MEMORY_H 1
| #define HAVE_STRINGS_H 1
| #define HAVE_INTTYPES_H 1
| #define HAVE_STDINT_H 1
| #define HAVE_UNISTD_H 1
| #define HAVE_LIBPTHREAD 1
| #define HAVE_PTHREAD_ATFORK 1
| #define HAVE_LIBM 1
| #define HAVE_STRFTIME 1
| #define HAVE_ARPA_INET_H 1
| #define HAVE_ASSERT_H 1
| #define HAVE_ERRNO_H 1
| #define HAVE_GRP_H 1
| #define HAVE_LIMITS_H 1
| #define HAVE_NETDB_H 1
| #define HAVE_NETINET_IN_H 1
| #define HAVE_NETINET_TCP_H 1
| #define HAVE_PTHREAD_H 1
| #define HAVE_PWD_H 1
| #define HAVE_SIGNAL_H 1
| #define HAVE_STDARG_H 1
| #define HAVE_STDINT_H 1
| #define HAVE_STDIO_H 1
| #define HAVE_STDLIB_H 1
| #define HAVE_STRING_H 1
| #define HAVE_SYS_IOCTL_H 1
| #define HAVE_SYS_PARAM_H 1
| #define HAVE_SYS_SOCKET_H 1
| #define HAVE_SYS_STAT_H 1
| #define HAVE_SYS_TIME_H 1
| #define HAVE_SYS_TIMEB_H 1
| #define HAVE_SYS_TYPES_H 1
| #define HAVE_SYS_UIO_H 1
| #define HAVE_SYS_UN_H 1
| #define HAVE_TIME_H 1
| #define HAVE_UNISTD_H 1
| #define HAVE_BCOPY 1
| #define HAVE_INET_ATON 1
| #define HAVE_INET_NTOA 1
| #define HAVE_INET_NTOP 1
| #define HAVE_MEMMOVE 1
| #define HAVE_SETSID 1
| #define HAVE_SNPRINTF 1
| #define HAVE_STRERROR 1
| #define HAVE_LRAND48 1
| #define HAVE_GETTIMEOFDAY 1
| #define HAVE_TIME 1
| #define HAVE_CLOCK_GETTIME_CLOCK_MONOTONIC 1
| #define HAVE_DLADDR 1
| #define SIZEOF_CHAR 1
| #define SIZEOF_SHORT_INT 2
| #define SIZEOF_INT 4
| #define SIZEOF_LONG_INT 8
| #define SIZEOF_LONG_LONG_INT 8
| #define HAVE_STRUCT_TIMEZONE 1
| #define ARCH_SCATTER_CONTROL 1
| #define HAVE_U_INT 1
| #define HAVE_INTXX_T 1
| #define HAVE_INT64_T 1
| #define HAVE_U_INTXX_T 1
| #define HAVE_U_INT64_T 1
| #define HAVE_SOCKLEN_T 1
| #define HAVE_SIZE_T 1
| #define HAVE_SSIZE_T 1
| #define HAVE_CLOCK_T 1
| #define HAVE_SA_FAMILY_T 1
| #define HAVE_STRUCT_SOCKADDR_STORAGE 1
| #define HAVE_STRUCT_SOCKADDR_IN6 1
| #define HAVE_STRUCT_IN6_ADDR 1
| #define HAVE_STRUCT_ADDRINFO 1
| #define HAVE_STRUCT_TIMEVAL 1
| #define HAVE_SS_FAMILY_IN_SS 1
| /* end confdefs.h.  */
| 
| #include <sys/types.h>
| #include <sys/socket.h>
| 
| int
| main ()
| {
|  struct sockaddr_storage s; s.__ss_family = 1;
|   ;
|   return 0;
| }
configure:6256: result: no
configure:6264: checking for pid_t
configure:6283: gcc -c -g -O2 -Wall  conftest.c >&5
conftest.c: In function 'main':
conftest.c:92:8: warning: variable 'foo' set but not used [-Wunused-but-set-variable]
   92 |  pid_t foo; foo = 1235;
      |        ^~~
configure:6283: $? = 0
configure:6292: result: yes
configure:6300: checking if libc defines __progname
configure:6317: gcc -o conftest -g -O2 -Wall   conftest.c -lm  >&5
conftest.c: In function 'main':
conftest.c:91:27: warning: implicit declaration of function 'printf' [-Wimplicit-function-declaration]
   91 |  extern char *__progname; printf("%s", __progname);
      |                           ^~~~~~
conftest.c:1:1: note: include '<stdio.h>' or provide a declaration of 'printf'
    1 | /* confdefs.h */
conftest.c:91:27: warning: incompatible implicit declaration of built-in function 'printf' [-Wbuiltin-declaration-mismatch]
   91 |  extern char *__progname; printf("%s", __progname);
      |                           ^~~~~~
conftest.c:91:27: note: include '<stdio.h>' or provide a declaration of 'printf'
configure:6317: $? = 0
configure:6327: result: yes
configure:6336: checking if libc defines sys_errlist
configure:6353: gcc -o conftest -g -O2 -Wall   conftest.c -lm  >&5
conftest.c: In function 'main':
conftest.c:92:42: warning: implicit declaration of function 'printf' [-Wimplicit-function-declaration]
   92 |  extern const char *const sys_errlist[]; printf("%s", sys_errlist[0]);
      |                                          ^~~~~~
conftest.c:1:1: note: include '<stdio.h>' or provide a declaration of 'printf'
    1 | /* confdefs.h */
conftest.c:92:42: warning: incompatible implicit declaration of built-in function 'printf' [-Wbuiltin-declaration-mismatch]
   92 |  extern const char *const sys_errlist[]; printf("%s", sys_errlist[0]);
      |                                          ^~~~~~
conftest.c:92:42: note: include '<stdio.h>' or provide a declaration of 'printf'
/usr/bin/ld: /tmp/ccruC0iU.o: warning: relocation against `sys_errlist' in read-only section `.text.startup'
/usr/bin/ld: /tmp/ccruC0iU.o: in function `main':
/mnt/cs1652/cs1632p3/bin/libspread-util/conftest.c:92:(.text.startup+0xb): undefined reference to `sys_errlist'
/usr/bin/ld: warning: creating DT_TEXTREL in a PIE
collect2: error: ld returned 1 exit status
configure:6353: $? = 1
configure: failed program was:
| /* confdefs.h */
| #define PACKAGE_NAME "Spread_Util"
| #define PACKAGE_TARNAME "spread_util"
| #define PACKAGE_VERSION "5.0.0"
| #define PACKAGE_STRING "Spread_Util 5.0.0"
| #define PACKAGE_BUGREPORT ""
| #define PACKAGE_URL ""
| #define STDC_HEADERS 1
| #define HAVE_SYS_TYPES_H 1
| #define HAVE_SYS_STAT_H 1
| #define HAVE_STDLIB_H 1
| #define HAVE_STRING_H 1
| #define HAVE_MEMORY_H 1
| #define HAVE_STRINGS_H 1
| #define HAVE_INTTYPES_H 1
| #define HAVE_STDINT_H 1
| #define HAVE_UNISTD_H 1
| #define HAVE_LIBPTHREAD 1
| #define HAVE_PTHREAD_ATFORK 1
| #define HAVE_LIBM 1
| #define HAVE_STRFTIME 1
| #define HAVE_ARPA_INET_H 1
| #define HAVE_ASSERT_H 1
| #define HAVE_ERRNO_H 1
| #define HAVE_GRP_H 1
| #define HAVE_LIMITS_H 1
| #define HAVE_NETDB_H 1
| #define HAVE_NETINET_IN_H 1
| #define HAVE_NETINET_TCP_H 1
| #define HAVE_PTHREAD_H 1
| #define HAVE_PWD_H 1
| #define HAVE_SIGNAL_H 1
| #define HAVE_STDARG_H 1
| #define HAVE_STDINT_H 1
| #define HAVE_STDIO_H 1
| #define HAVE_STDLIB_H 1
| #define HAVE_STRING_H 1
| #define HAVE_SYS_IOCTL_H 1
| #define HAVE_SYS_PARAM_H 1
| #define HAVE_SYS_SOCKET_H 1
| #define HAVE_SYS_STAT_H 1
| #define HAVE_SYS_TIME_H 1
| #define HAVE_SYS_TIMEB_H 1
| #define HAVE_SYS_TYPES_H 1
| #define HAVE_SYS_UIO_H 1
| #define HAVE_SYS_UN_H 1
| #define HAVE_TIME_H 1
| #define HAVE_UNISTD_H 1
| #define HAVE_BCOPY 1
| #define HAVE_INET_ATON 1
| #define HAVE_INET_NTOA 1
| #define HAVE_INET_NTOP 1
| #define HAVE_MEMMOVE 1
| #define HAVE_SETSID 1
| #define HAVE_SNPRINTF 1
| #define HAVE_STRERROR 1
| #define HAVE_LRAND48 1
| #define HAVE_GETTIMEOFDAY 1
| #define HAVE_TIME 1
| #define HAVE_CLOCK_GETTIME_CLOCK_MONOTONIC 1
| #define HAVE_DLADDR 1
| #define SIZEOF_CHAR 1
| #define SIZEOF_SHORT_INT 2
| #define SIZEOF_INT 4
| #define SIZEOF_LONG_INT 8
| #define SIZEOF_LONG_LONG_INT 8
| #define HAVE_STRUCT_TIMEZONE 1
| #define ARCH_SCATTER_CONTROL 1
| #define HAVE_U_INT 1
| #define HAVE_INTXX_T 1
| #define HAVE_INT64_T 1
| #define HAVE_U_INTXX_T 1
| #define HAVE_U_INT64_T 1
| #define HAVE_SOCKLEN_T 1
| #define HAVE_SIZE_T 1
| #define HAVE_SSIZE_T 1
| #define HAVE_CLOCK_T 1
| #define HAVE_SA_FAMILY_T 1
| #define HAVE_STRUCT_SOCKADDR_STORAGE 1
| #define HAVE_STRUCT_SOCKADDR_IN6 1
| #define HAVE_STRUCT_IN6_ADDR 1
| #define HAVE_STRUCT_ADDRINFO 1
| #define HAVE_STRUCT_TIMEVAL 1
| #define HAVE_SS_FAMILY_IN_SS 1
| #define HAVE_PID_T 1
| #define HAVE___PROGNAME 1
| /* end confdefs.h.  */
| 
| int
| main ()
| {
|  extern const char *const sys_errlist[]; printf("%s", sys_errlist[0]);
|   ;
|   return 0;
| }
configure:6363: result: no
configure:6372: checking if libc defines sys_nerr
configure:6389: gcc -o conftest -g -O2 -Wall   conftest.c -lm  >&5
conftest.c: In function 'main':
conftest.c:92:23: warning: implicit declaration of function 'printf' [-Wimplicit-function-declaration]
   92 |  extern int sys_nerr; printf("%i", sys_nerr);
      |                       ^~~~~~
conftest.c:1:1: note: include '<stdio.h>' or provide a declaration of 'printf'
    1 | /* confdefs.h */
conftest.c:92:23: warning: incompatible implicit declaration of built-in function 'printf' [-Wbuiltin-declaration-mismatch]
   92 |  extern int sys_nerr; printf("%i", sys_nerr);
      |                       ^~~~~~
conftest.c:92:23: note: include '<stdio.h>' or provide a declaration of 'printf'
/usr/bin/ld: /tmp/ccbtmWgf.o: warning: relocation against `sys_nerr' in read-only section `.text.startup'
/usr/bin/ld: /tmp/ccbtmWgf.o: in function `main':
/mnt/cs1652/cs1632p3/bin/libspread-util/conftest.c:92:(.text.startup+0xa): undefined reference to `sys_nerr'
/usr/bin/ld: warning: creating DT_TEXTREL in a PIE
collect2: error: ld returned 1 exit status
configure:6389: $? = 1
configure: failed program was:
| /* confdefs.h */
| #define PACKAGE_NAME "Spread_Util"
| #define PACKAGE_TARNAME "spread_util"
| #define PACKAGE_VERSION "5.0.0"
| #define PACKAGE_STRING "Spread_Util 5.0.0"
| #define PACKAGE_BUGREPORT ""
| #define PACKAGE_URL ""
| #define STDC_HEADERS 1
| #define HAVE_SYS_TYPES_H 1
| #define HAVE_SYS_STAT_H 1
| #define HAVE_STDLIB_H 1
| #define HAVE_STRING_H 1
| #define HAVE_MEMORY_H 1
| #define HAVE_STRINGS_H 1
| #define HAVE_INTTYPES_H 1
| #define HAVE_STDINT_H 1
| #define HAVE_UNISTD_H 1
| #define HAVE_LIBPTHREAD 1
| #define HAVE_PTHREAD_ATFORK 1
| #define HAVE_LIBM 1
| #define HAVE_STRFTIME 1
| #define HAVE_ARPA_INET_H 1
| #define HAVE_ASSERT_H 1
| #define HAVE_ERRNO_H 1
| #define HAVE_GRP_H 1
| #define HAVE_LIMITS_H 1
| #define HAVE_NETDB_H 1
| #define HAVE_NETINET_IN_H 1
| #define HAVE_NETINET_TCP_H 1
| #define HAVE_PTHREAD_H 1
| #define HAVE_PWD_H 1
| #define HAVE_SIGNAL_H 1
| #define HAVE_STDARG_H 1
| #define HAVE_STDINT_H 1
| #define HAVE_STDIO_H 1
| #define HAVE_STDLIB_H 1
| #define HAVE_STRING_H 1
| #define HAVE_SYS_IOCTL_H 1
| #define HAVE_SYS_PARAM_H 1
| #define HAVE_SYS_SOCKET_H 1
| #define HAVE_SYS_STAT_H 1
| #define HAVE_SYS_TIME_H 1
| #define HAVE_SYS_TIMEB_H 1
| #define HAVE_SYS_TYPES_H 1
| #define HAVE_SYS_UIO_H 1
| #define HAVE_SYS_UN_H 1
| #define HAVE_TIME_H 1
| #define HAVE_UNISTD_H 1
| #define HAVE_BCOPY 1
| #define HAVE_INET_ATON 1
| #define HAVE_INET_NTOA 1
| #define HAVE_INET_NTOP 1
| #define HAVE_MEMMOVE 1
| #define HAVE_SETSID 1
| #define HAVE_SNPRINTF 1
| #define HAVE_STRERROR 1
| #define HAVE_LRAND48 1
| #define HAVE_GETTIMEOFDAY 1
| #define HAVE_TIME 1
| #define HAVE_CLOCK_GETTIME_CLOCK_MONOTONIC 1
| #define HAVE_DLADDR 1
| #define SIZEOF_CHAR 1
| #define SIZEOF_SHORT_INT 2
| #define SIZEOF_INT 4
| #define SIZEOF_LONG_INT 8
| #define SIZEOF_LONG_LONG_INT 8
| #define HAVE_STRUCT_TIMEZONE 1
| #define ARCH_SCATTER_CONTROL 1
| #define HAVE_U_INT 1
| #define HAVE_INTXX_T 1
| #define HAVE_INT64_T 1
| #define HAVE_U_INTXX_T 1
| #define HAVE_U_INT64_T 1
| #define HAVE_SOCKLEN_T 1
| #define HAVE_SIZE_T 1
| #define HAVE_SSIZE_T 1
| #define HAVE_CLOCK_T 1
| #define HAVE_SA_FAMILY_T 1
| #define HAVE_STRUCT_SOCKADDR_STORAGE 1
| #define HAVE_STRUCT_SOCKADDR_IN6 1
| #define HAVE_STRUCT_IN6_ADDR 1
| #define HAVE_STRUCT_ADDRINFO 1
| #define HAVE_STRUCT_TIMEVAL 1
| #define HAVE_SS_FAMILY_IN_SS 1
| #define HAVE_PID_T 1
| #define HAVE___PROGNAME 1
| /* end confdefs.h.  */
| 
| int
| main ()
| {
|  extern int sys_nerr; printf("%i", sys_nerr);
|   ;
|   return 0;
| }
configure:6399: result: no
configure:6430: checking for nroff
configure:6449: found /usr/bin/nroff
configure:6461: result: /usr/bin/nroff
configure:6709: creating ./config.status

## ---------------------- ##
## Running config.status. ##
## ---------------------- ##

This file was extended by Spread_Util config.status 5.0.0, which was
generated by GNU Autoconf 2.69.  Invocation command line was

  CONFIG_FILES    = 
  CONFIG_HEADERS  = 
  CONFIG_LINKS    = 
  CONFIG_COMMANDS = 
  $ ./config.status 

on cs1652-vm

config.status:902: creating Makefile
config.status:902: creating src/Makefile
config.status:902: creating docs/Makefile
config.status:902: creating include/Makefile
config.status:902: creating src/config.h

## ---------------- ##
## Cache variables. ##
## ---------------- ##

ac_cv_arch_win=no
ac_cv_build=x86_64-pc-linux-gnu
ac_cv_c_bigendian=no
ac_cv_c_compiler_gnu=yes
ac_cv_c_inline=inline
ac_cv_clock_gettime_monotonic=yes
ac_cv_env_CC_set=
ac_cv_env_CC_value=
ac_cv_env_CFLAGS_set=
ac_cv_env_CFLAGS_value=
ac_cv_env_CPPFLAGS_set=
ac_cv_env_CPPFLAGS_value=
ac_cv_env_CPP_set=
ac_cv_env_CPP_value=
ac_cv_env_LDFLAGS_set=
ac_cv_env_LDFLAGS_value=
ac_cv_env_LIBS_set=
ac_cv_env_LIBS_value=
ac_cv_env_build_alias_set=
ac_cv_env_build_alias_value=
ac_cv_env_host_alias_set=
ac_cv_env_host_alias_value=
ac_cv_env_target_alias_set=
ac_cv_env_target_alias_value=
ac_cv_func_bcopy=yes
ac_cv_func_gettimeofday=yes
ac_cv_func_inet_aton=yes
ac_cv_func_inet_ntoa=yes
ac_cv_func_inet_ntop=yes
ac_cv_func_lrand48=yes
ac_cv_func_memmove=yes
ac_cv_func_pthread_atfork=yes
ac_cv_func_setsid=yes
ac_cv_func_snprintf=yes
ac_cv_func_strerror=yes
ac_cv_func_strftime=yes
ac_cv_func_time=yes
ac_cv_have___ss_family_in_struct_ss=no
ac_cv_have_clock_t=yes
ac_cv_have_dladdr=yes
ac_cv_have_int64_t=yes
ac_cv_have_intxx_t=yes
ac_cv_have_pid_t=yes
ac_cv_have_sa_family_t=yes
ac_cv_have_sin_len_in_struct_sockaddr_in=no
ac_cv_have_size_t=yes
ac_cv_have_socklen_t=yes
ac_cv_have_sockopt_len_t=no
ac_cv_have_ss_family_in_struct_ss=yes
ac_cv_have_ssize_t=yes
ac_cv_have_struct_addrinfo=yes
ac_cv_have_struct_in6_addr=yes
ac_cv_have_struct_msghdr=yes
ac_cv_have_struct_msghdr_acc=no
ac_cv_have_struct_msghdr_ctl=yes
ac_cv_have_struct_sockaddr_in6=yes
ac_cv_have_struct_sockaddr_storage=yes
ac_cv_have_struct_timeval=yes
ac_cv_have_struct_timezone=yes
ac_cv_have_sun_len_in_struct_sockaddr_un=no
ac_cv_have_u_int64_t=yes
ac_cv_have_u_int=yes
ac_cv_have_u_intxx_t=yes
ac_cv_header_arpa_inet_h=yes
ac_cv_header_assert_h=yes
ac_cv_header_errno_h=yes
ac_cv_header_grp_h=yes
ac_cv_header_inttypes_h=yes
ac_cv_header_limits_h=yes
ac_cv_header_memory_h=yes
ac_cv_header_netdb_h=yes
ac_cv_header_netinet_in_h=yes
ac_cv_header_netinet_tcp_h=yes
ac_cv_header_process_h=no
ac_cv_header_pthread_h=yes
ac_cv_header_pwd_h=yes
ac_cv_header_signal_h=yes
ac_cv_header_stdarg_h=yes
ac_cv_header_stdc=yes
ac_cv_header_stdint_h=yes
ac_cv_header_stdio_h=yes
ac_cv_header_stdlib_h=yes
ac_cv_header_string_h=yes
ac_cv_header_strings_h=yes
ac_cv_header_sys_filio_h=no
ac_cv_header_sys_inttypes_h=no
ac_cv_header_sys_ioctl_h=yes
ac_cv_header_sys_param_h=yes
ac_cv_header_sys_socket_h=yes
ac_cv_header_sys_stat_h=yes
ac_cv_header_sys_time_h=yes
ac_cv_header_sys_timeb_h=yes
ac_cv_header_sys_types_h=yes
ac_cv_header_sys_uio_h=yes
ac_cv_header_sys_un_h=yes
ac_cv_header_time_h=yes
ac_cv_header_unistd_h=yes
ac_cv_header_winsock2_h=no
ac_cv_header_ws2tcpip_h=no
ac_cv_host=x86_64-pc-linux-gnu
ac_cv_ldflag_pthread=yes
ac_cv_lib_m_sqrt=yes
ac_cv_lib_nsl_gethostbyaddr=no
ac_cv_lib_posix4_sem_wait=no
ac_cv_lib_pthread_pthread_create=yes
ac_cv_lib_socket_socket=no
ac_cv_lib_thread_thr_create=no
ac_cv_libc_defines___progname=yes
ac_cv_libc_defines_sys_errlist=no
ac_cv_libc_defines_sys_nerr=no
ac_cv_objext=o
ac_cv_path_AR=/usr/bin/ar
ac_cv_path_EGREP='/usr/bin/grep -E'
ac_cv_path_GREP=/usr/bin/grep
ac_cv_path_NROFF=/usr/bin/nroff
ac_cv_path_PERL=/usr/bin/perl
ac_cv_path_install='/usr/bin/install -c'
ac_cv_prog_CPP='gcc -E'
ac_cv_prog_ac_ct_CC=gcc
ac_cv_prog_ac_ct_RANLIB=ranlib
ac_cv_prog_cc_c89=
ac_cv_prog_cc_g=yes
ac_cv_search_dladdr='none required'
ac_cv_search_nanosleep='none required'
ac_cv_search_shm_open='none required'
ac_cv_sizeof_char=1
ac_cv_sizeof_int=4
ac_cv_sizeof_long_int=8
ac_cv_sizeof_long_long_int=8
ac_cv_sizeof_short_int=2

## ----------------- ##
## Output variables. ##
## ----------------- ##

AR='/usr/bin/ar'
CC='gcc'
CFLAGS='-g -O2 -Wall'
CPP='gcc -E'
CPPFLAGS=''
DEFS='-DHAVE_CONFIG_H'
ECHO_C=''
ECHO_N='-n'
ECHO_T=''
EGREP='/usr/bin/grep -E'
EXEEXT=''
GREP='/usr/bin/grep'
INSTALL_DATA='${INSTALL} -m 644'
INSTALL_PROGRAM='${INSTALL}'
INSTALL_SCRIPT='${INSTALL}'
LD='gcc'
LDFLAGS=''
LIBOBJS=''
LIBS='-lm '
LIBSPSO='libspread-util.so'
LN_S='cp -pR'
LTLIBOBJS=''
MANTYPE='doc'
NROFF='/usr/bin/nroff'
OBJEXT='o'
PACKAGE_BUGREPORT=''
PACKAGE_NAME='Spread_Util'
PACKAGE_STRING='Spread_Util 5.0.0'
PACKAGE_TARNAME='spread_util'
PACKAGE_URL=''
PACKAGE_VERSION='5.0.0'
PATH_SEPARATOR=':'
PERL='/usr/bin/perl'
RANLIB='ranlib'
SHCC='gcc'
SHCFLAGS='-g -O2 -Wall -fPIC'
SHCPPFLAGS=''
SHELL='/bin/bash'
SHLD='gcc -shared'
SHLDCONVERTSTATIC='-Wl,-whole-archive'
SHLDCONVERTSTATICEND='-Wl,-no-whole-archive'
SHLDFLAGS=' '
SHLDNAME='-soname,'
SHLDOPTION='-Wl,'
SHLIBS='-lm '
THLDFLAGS=''
THLIBS='-lpthread '
ac_ct_CC='gcc'
bindir='${exec_prefix}/bin'
build='x86_64-pc-linux-gnu'
build_alias=''
build_cpu='x86_64'
build_os='linux-gnu'
build_vendor='pc'
datadir='${datarootdir}'
datarootdir='${prefix}/share'
docdir='${datadir}/doc/libspread-util'
dvidir='${docdir}'
exec_prefix='${prefix}'
host='x86_64-pc-linux-gnu'
host_alias=''
host_cpu='x86_64'
host_os='linux-gnu'
host_vendor='pc'
htmldir='${docdir}'
includedir='${prefix}/include'
infodir='${datarootdir}/info'
libdir='${exec_prefix}/lib'
libexecdir='${exec_prefix}/libexec'
localedir='${datarootdir}/locale'
localstatedir='${prefix}/var'
mandir='${datarootdir}/man'
mansubdir='man'
oldincludedir='/usr/include'
pdfdir='${docdir}'
prefix='/usr/local'
program_transform_name='s,x,x,'
psdir='${docdir}'
sbindir='${exec_prefix}/sbin'
sharedstatedir='${prefix}/com'
sysconfdir='${prefix}/etc'
target_alias=''

## ----------- ##
## confdefs.h. ##
## ----------- ##

/* confdefs.h */
#define PACKAGE_NAME "Spread_Util"
#define PACKAGE_TARNAME "spread_util"
#define PACKAGE_VERSION "5.0.0"
#define PACKAGE_STRING "Spread_Util 5.0.0"
#define PACKAGE_BUGREPORT ""
#define PACKAGE_URL ""
#define STDC_HEADERS 1
#define HAVE_SYS_TYPES_H 1
#define HAVE_SYS_STAT_H 1
#define HAVE_STDLIB_H 1
#define HAVE_STRING_H 1
#define HAVE_MEMORY_H 1
#define HAVE_STRINGS_H 1
#define HAVE_INTTYPES_H 1
#define HAVE_STDINT_H 1
#define HAVE_UNISTD_H 1
#define HAVE_LIBPTHREAD 1
#define HAVE_PTHREAD_ATFORK 1
#define HAVE_LIBM 1
#define HAVE_STRFTIME 1
#define HAVE_ARPA_INET_H 1
#define HAVE_ASSERT_H 1
#define HAVE_ERRNO_H 1
#define HAVE_GRP_H 1
#define HAVE_LIMITS_H 1
#define HAVE_NETDB_H 1
#define HAVE_NETINET_IN_H 1
#define HAVE_NETINET_TCP_H 1
#define HAVE_PTHREAD_H 1
#define HAVE_PWD_H 1
#define HAVE_SIGNAL_H 1
#define HAVE_STDARG_H 1
#define HAVE_STDINT_H 1
#define HAVE_STDIO_H 1
#define HAVE_STDLIB_H 1
#define HAVE_STRING_H 1
#define HAVE_SYS_IOCTL_H 1
#define HAVE_SYS_PARAM_H 1
#define HAVE_SYS_SOCKET_H 1
#define HAVE_SYS_STAT_H 1
#define HAVE_SYS_TIME_H 1
#define HAVE_SYS_TIMEB_H 1
#define HAVE_SYS_TYPES_H 1
#define HAVE_SYS_UIO_H 1
#define HAVE_SYS_UN_H 1
#define HAVE_TIME_H 1
#define HAVE_UNISTD_H 1
#define HAVE_BCOPY 1
#define HAVE_INET_ATON 1
#define HAVE_INET_NTOA 1
#define HAVE_INET_NTOP 1
#define HAVE_MEMMOVE 1
#define HAVE_SETSID 1
#define HAVE_SNPRINTF 1
#define HAVE_STRERROR 1
#define HAVE_LRAND48 1
#define HAVE_GETTIMEOFDAY 1
#define HAVE_TIME 1
#define HAVE_CLOCK_GETTIME_CLOCK_MONOTONIC 1
#define HAVE_DLADDR 1
#define SIZEOF_CHAR 1
#define SIZEOF_SHORT_INT 2
#define SIZEOF_INT 4
#define SIZEOF_LONG_INT 8
#define SIZEOF_LONG_LONG_INT 8
#define HAVE_STRUCT_TIMEZONE 1
#define ARCH_SCATTER_CONTROL 1
#define HAVE_U_INT 1
#define HAVE_INTXX_T 1
#define HAVE_INT64_T 1
#define HAVE_U_INTXX_T 1
#define HAVE_U_INT64_T 1
#define HAVE_SOCKLEN_T 1
#define HAVE_SIZE_T 1
#define HAVE_SSIZE_T 1
#define HAVE_CLOCK_T 1
#define HAVE_SA_FAMILY_T 1
#define HAVE_STRUCT_SOCKADDR_STORAGE 1
#define HAVE_STRUCT_SOCKADDR_IN6 1
#define HAVE_STRUCT_IN6_ADDR 1
#define HAVE_STRUCT_ADDRINFO 1
#define HAVE_STRUCT_TIMEVAL 1
#define HAVE_SS_FAMILY_IN_SS 1
#define HAVE_PID_T 1
#define HAVE___PROGNAME 1

configure: exit 0
